2015-11-19 13:15:36.200+0000 WARN  [o.n.k.c.Config] WARNING! Deprecated configuration options used. See manual for details
2015-11-19 13:15:36.200+0000 WARN  [o.n.k.c.Config] The cache_type setting has been removed as of Neo4j 2.3. Configuration has been simplified to only require tuning of the page cache.
2015-11-19 13:15:36.439+0000 INFO  [o.n.k.i.f.CommunityFacadeFactory] No locking implementation specified, defaulting to 'community'
2015-11-19 13:15:36.495+0000 INFO  [o.n.k.AvailabilityGuard] Requirement makes database unavailable: Database available
2015-11-19 13:15:36.509+0000 INFO  [o.n.k.i.DiagnosticsManager] --- INITIALIZED diagnostics START ---
2015-11-19 13:15:36.509+0000 INFO  [o.n.k.i.DiagnosticsManager] Neo4j Kernel properties:
2015-11-19 13:15:36.510+0000 INFO  [o.n.k.i.DiagnosticsManager] edition=Community
2015-11-19 13:15:36.510+0000 INFO  [o.n.k.i.DiagnosticsManager] ephemeral=false
2015-11-19 13:15:36.510+0000 INFO  [o.n.k.i.DiagnosticsManager] Diagnostics providers:
2015-11-19 13:15:36.510+0000 INFO  [o.n.k.i.DiagnosticsManager] org.neo4j.kernel.configuration.Config
2015-11-19 13:15:36.510+0000 INFO  [o.n.k.i.DiagnosticsManager] org.neo4j.kernel.info.DiagnosticsManager
2015-11-19 13:15:36.510+0000 INFO  [o.n.k.i.DiagnosticsManager] SYSTEM_MEMORY
2015-11-19 13:15:36.510+0000 INFO  [o.n.k.i.DiagnosticsManager] JAVA_MEMORY
2015-11-19 13:15:36.510+0000 INFO  [o.n.k.i.DiagnosticsManager] OPERATING_SYSTEM
2015-11-19 13:15:36.510+0000 INFO  [o.n.k.i.DiagnosticsManager] JAVA_VIRTUAL_MACHINE
2015-11-19 13:15:36.510+0000 INFO  [o.n.k.i.DiagnosticsManager] CLASSPATH
2015-11-19 13:15:36.510+0000 INFO  [o.n.k.i.DiagnosticsManager] LIBRARY_PATH
2015-11-19 13:15:36.510+0000 INFO  [o.n.k.i.DiagnosticsManager] SYSTEM_PROPERTIES
2015-11-19 13:15:36.510+0000 INFO  [o.n.k.i.DiagnosticsManager] NETWORK
2015-11-19 13:15:36.510+0000 INFO  [o.n.k.i.DiagnosticsManager] System memory information:
2015-11-19 13:15:36.512+0000 INFO  [o.n.k.i.DiagnosticsManager] Total Physical memory: 16.00 GB
2015-11-19 13:15:36.513+0000 INFO  [o.n.k.i.DiagnosticsManager] Free Physical memory: 141.66 MB
2015-11-19 13:15:36.513+0000 INFO  [o.n.k.i.DiagnosticsManager] Committed virtual memory: 3.64 GB
2015-11-19 13:15:36.514+0000 INFO  [o.n.k.i.DiagnosticsManager] Total swap space: 7.00 GB
2015-11-19 13:15:36.514+0000 INFO  [o.n.k.i.DiagnosticsManager] Free swap space: 1.49 GB
2015-11-19 13:15:36.514+0000 INFO  [o.n.k.i.DiagnosticsManager] JVM memory information:
2015-11-19 13:15:36.514+0000 INFO  [o.n.k.i.DiagnosticsManager] Free  memory: 567.71 MB
2015-11-19 13:15:36.514+0000 INFO  [o.n.k.i.DiagnosticsManager] Total memory: 718.00 MB
2015-11-19 13:15:36.514+0000 INFO  [o.n.k.i.DiagnosticsManager] Max   memory: 718.00 MB
2015-11-19 13:15:36.515+0000 INFO  [o.n.k.i.DiagnosticsManager] Garbage Collector: PS Scavenge: [PS Eden Space, PS Survivor Space]
2015-11-19 13:15:36.515+0000 INFO  [o.n.k.i.DiagnosticsManager] Garbage Collector: PS MarkSweep: [PS Eden Space, PS Survivor Space, PS Old Gen, PS Perm Gen]
2015-11-19 13:15:36.516+0000 INFO  [o.n.k.i.DiagnosticsManager] Memory Pool: Code Cache (Non-heap memory): committed=8.63 MB, used=8.58 MB, max=96.00 MB, threshold=0.00 B
2015-11-19 13:15:36.516+0000 INFO  [o.n.k.i.DiagnosticsManager] Memory Pool: PS Eden Space (Heap memory): committed=174.00 MB, used=110.80 MB, max=183.00 MB, threshold=?
2015-11-19 13:15:36.516+0000 INFO  [o.n.k.i.DiagnosticsManager] Memory Pool: PS Survivor Space (Heap memory): committed=32.00 MB, used=31.97 MB, max=32.00 MB, threshold=?
2015-11-19 13:15:36.516+0000 INFO  [o.n.k.i.DiagnosticsManager] Memory Pool: PS Old Gen (Heap memory): committed=512.00 MB, used=7.52 MB, max=512.00 MB, threshold=0.00 B
2015-11-19 13:15:36.516+0000 INFO  [o.n.k.i.DiagnosticsManager] Memory Pool: PS Perm Gen (Non-heap memory): committed=96.00 MB, used=40.27 MB, max=256.00 MB, threshold=0.00 B
2015-11-19 13:15:36.516+0000 INFO  [o.n.k.i.DiagnosticsManager] Operating system information:
2015-11-19 13:15:36.517+0000 INFO  [o.n.k.i.DiagnosticsManager] Operating System: Mac OS X; version: 10.11.1; arch: x86_64; cpus: 8
2015-11-19 13:15:36.518+0000 INFO  [o.n.k.i.DiagnosticsManager] Max number of file descriptors: 10.00 kB
2015-11-19 13:15:36.518+0000 INFO  [o.n.k.i.DiagnosticsManager] Number of open file descriptors: 382.00 B
2015-11-19 13:15:36.518+0000 INFO  [o.n.k.i.DiagnosticsManager] Process id: 74688@Graemes-iMac.local
2015-11-19 13:15:36.518+0000 INFO  [o.n.k.i.DiagnosticsManager] Byte order: LITTLE_ENDIAN
2015-11-19 13:15:36.518+0000 INFO  [o.n.k.i.DiagnosticsManager] Local timezone: Europe/Madrid
2015-11-19 13:15:36.518+0000 INFO  [o.n.k.i.DiagnosticsManager] JVM information:
2015-11-19 13:15:36.518+0000 INFO  [o.n.k.i.DiagnosticsManager] VM Name: Java HotSpot(TM) 64-Bit Server VM
2015-11-19 13:15:36.518+0000 INFO  [o.n.k.i.DiagnosticsManager] VM Vendor: Oracle Corporation
2015-11-19 13:15:36.518+0000 INFO  [o.n.k.i.DiagnosticsManager] VM Version: 24.60-b09
2015-11-19 13:15:36.519+0000 INFO  [o.n.k.i.DiagnosticsManager] JIT compiler: HotSpot 64-Bit Tiered Compilers
2015-11-19 13:15:36.519+0000 INFO  [o.n.k.i.DiagnosticsManager] VM Arguments: [-Dgrails.env=test, -Dgrails.full.stacktrace, -Dinfo.app.grailsVersion=3.0.9, -Dinfo.app.name=neo4j, -Dinfo.app.version=unspecified, -Djava.security.manager=jarjar.org.gradle.process.internal.child.BootstrapSecurityManager, -XX:PermSize=96m, -XX:MaxPermSize=256m, -XX:+TieredCompilation, -XX:TieredStopAtLevel=1, -XX:CICompilerCount=3, -Xms768m, -Xmx768m, -Dfile.encoding=UTF-8, -Duser.country=US, -Duser.language=en, -Duser.variant, -ea]
2015-11-19 13:15:36.519+0000 INFO  [o.n.k.i.DiagnosticsManager] Java classpath:
2015-11-19 13:15:36.526+0000 INFO  [o.n.k.i.DiagnosticsManager]  [classpath + loader.0] file:/Users/graemerocher/.m2/repository/aopalliance/aopalliance/1.0/aopalliance-1.0.jar
2015-11-19 13:15:36.526+0000 INFO  [o.n.k.i.DiagnosticsManager]  [classpath + loader.0] file:/Users/graemerocher/.gradle/caches/modules-2/files-2.1/org.springframework.boot/spring-boot-starter-test/1.2.6.RELEASE/43644897c7d755858c847f1959d73c0bd2f58925/spring-boot-starter-test-1.2.6.RELEASE.jar
2015-11-19 13:15:36.526+0000 INFO  [o.n.k.i.DiagnosticsManager]  [classpath + loader.0] file:/Users/graemerocher/.m2/repository/org/w3c/css/sac/1.3/sac-1.3.jar
2015-11-19 13:15:36.526+0000 INFO  [o.n.k.i.DiagnosticsManager]  [classpath + loader.0] file:/Users/graemerocher/.gradle/caches/modules-2/files-2.1/org.codehaus.groovy/groovy-xml/2.4.5/bbbb0cdd8a566362454372adb1601f0c052e51c6/groovy-xml-2.4.5.jar
2015-11-19 13:15:36.526+0000 INFO  [o.n.k.i.DiagnosticsManager]  [classpath + loader.0] file:/Users/graemerocher/.gradle/caches/modules-2/files-2.1/org.grails/grails-plugin-validation/3.0.9/3f6d1d75315c6a5e66b3e82643cdb2c1533ee4ab/grails-plugin-validation-3.0.9.jar
2015-11-19 13:15:36.526+0000 INFO  [o.n.k.i.DiagnosticsManager]  [classpath + loader.0] file:/Users/graemerocher/.m2/repository/xerces/xercesImpl/2.11.0/xercesImpl-2.11.0.jar
2015-11-19 13:15:36.526+0000 INFO  [o.n.k.i.DiagnosticsManager]  [classpath + loader.0] file:/Users/graemerocher/.gradle/caches/modules-2/files-2.1/org.grails/grails-web-taglib/3.0.9/ed2bf00d65a2b14969bba8f4b36505120d23be5/grails-web-taglib-3.0.9.jar
2015-11-19 13:15:36.526+0000 INFO  [o.n.k.i.DiagnosticsManager]  [classpath + loader.0] file:/Users/graemerocher/.m2/repository/org/grails/grails-datastore-web/5.0.0.BUILD-SNAPSHOT/grails-datastore-web-5.0.0.BUILD-SNAPSHOT.jar
2015-11-19 13:15:36.526+0000 INFO  [o.n.k.i.DiagnosticsManager]  [classpath + loader.0] file:/Users/graemerocher/.gradle/caches/modules-2/files-2.1/org.springframework/spring-test/4.1.7.RELEASE/5953f9c4cf1d4ddf323cd6caf60daf33f1abafc3/spring-test-4.1.7.RELEASE.jar
2015-11-19 13:15:36.526+0000 INFO  [o.n.k.i.DiagnosticsManager]  [classpath + loader.0] file:/Users/graemerocher/.gradle/caches/modules-2/files-2.1/org.springframework/spring-expression/4.1.7.RELEASE/9bc3b81d05961f042ea4a45e84d60cdc59ea51f5/spring-expression-4.1.7.RELEASE.jar
2015-11-19 13:15:36.526+0000 INFO  [o.n.k.i.DiagnosticsManager]  [bootstrap] /Library/Java/JavaVirtualMachines/jdk1.7.0_60.jdk/Contents/Home/jre/lib/charsets.jar
2015-11-19 13:15:36.526+0000 INFO  [o.n.k.i.DiagnosticsManager]  [classpath + loader.0] file:/Users/graemerocher/.m2/repository/org/grails/grails-datastore-gorm/5.0.0.BUILD-SNAPSHOT/grails-datastore-gorm-5.0.0.BUILD-SNAPSHOT.jar
2015-11-19 13:15:36.526+0000 INFO  [o.n.k.i.DiagnosticsManager]  [classpath + loader.0] file:/Users/graemerocher/.m2/repository/org/spockframework/spock-core/1.0-groovy-2.4/spock-core-1.0-groovy-2.4.jar
2015-11-19 13:15:36.526+0000 INFO  [o.n.k.i.DiagnosticsManager]  [classpath + loader.0] file:/Users/graemerocher/.m2/repository/com/google/guava/guava/18.0/guava-18.0.jar
2015-11-19 13:15:36.526+0000 INFO  [o.n.k.i.DiagnosticsManager]  [classpath + loader.0] file:/Users/graemerocher/.gradle/caches/modules-2/files-2.1/org.grails/grails-web-mvc/3.0.9/122cdf12141a07da44bf58ec1342f164c089b249/grails-web-mvc-3.0.9.jar
2015-11-19 13:15:36.526+0000 INFO  [o.n.k.i.DiagnosticsManager]  [classpath + loader.0] file:/Users/graemerocher/.m2/repository/org/slf4j/jcl-over-slf4j/1.7.12/jcl-over-slf4j-1.7.12.jar
2015-11-19 13:15:36.526+0000 INFO  [o.n.k.i.DiagnosticsManager]  [classpath + loader.0] file:/Users/graemerocher/.m2/repository/org/neo4j/neo4j-cypher-compiler-2.3/2.3.1/neo4j-cypher-compiler-2.3-2.3.1.jar
2015-11-19 13:15:36.526+0000 INFO  [o.n.k.i.DiagnosticsManager]  [classpath + loader.0] file:/Users/graemerocher/.m2/repository/org/neo4j/neo4j-unsafe/2.3.1/neo4j-unsafe-2.3.1.jar
2015-11-19 13:15:36.526+0000 INFO  [o.n.k.i.DiagnosticsManager]  [classpath + loader.0] file:/Users/graemerocher/.gradle/caches/modules-2/files-2.1/org.grails/grails-plugin-events/3.0.9/f852193d4afd8d13c7cfa86197bf66866aec2cfe/grails-plugin-events-3.0.9.jar
2015-11-19 13:15:36.526+0000 INFO  [o.n.k.i.DiagnosticsManager]  [classpath + loader.0] file:/Users/graemerocher/.gradle/caches/modules-2/files-2.1/org.grails/grails-plugin-i18n/3.0.9/61a4b52adc63d1c0b004f4589eb42c1da666e55b/grails-plugin-i18n-3.0.9.jar
2015-11-19 13:15:36.526+0000 INFO  [o.n.k.i.DiagnosticsManager]  [classpath + loader.0] file:/Users/graemerocher/.m2/repository/org/apache/ant/ant-launcher/1.9.4/ant-launcher-1.9.4.jar
2015-11-19 13:15:36.526+0000 INFO  [o.n.k.i.DiagnosticsManager]  [classpath + loader.0] file:/Users/graemerocher/.m2/repository/cglib/cglib/2.2.2/cglib-2.2.2.jar
2015-11-19 13:15:36.526+0000 INFO  [o.n.k.i.DiagnosticsManager]  [classpath + loader.0] file:/Users/graemerocher/.m2/repository/args4j/args4j/2.0.26/args4j-2.0.26.jar
2015-11-19 13:15:36.526+0000 INFO  [o.n.k.i.DiagnosticsManager]  [classpath + loader.0] file:/Users/graemerocher/.gradle/caches/modules-2/files-2.1/org.grails.plugins/cache/3.0.1/7a360b62877f81907d9aa6f76b8019912d3a2031/cache-3.0.1.jar
2015-11-19 13:15:36.526+0000 INFO  [o.n.k.i.DiagnosticsManager]  [classpath + loader.0] file:/Users/graemerocher/.m2/repository/org/apache/commons/commons-exec/1.1/commons-exec-1.1.jar
2015-11-19 13:15:36.527+0000 INFO  [o.n.k.i.DiagnosticsManager]  [bootstrap] /Library/Java/JavaVirtualMachines/jdk1.7.0_60.jdk/Contents/Home/jre/lib/sunrsasign.jar
2015-11-19 13:15:36.527+0000 INFO  [o.n.k.i.DiagnosticsManager]  [classpath + loader.0] file:/Users/graemerocher/.gradle/caches/modules-2/files-2.1/org.grails.plugins/asset-pipeline/3.0.8/95bf23fd5e4bed45ff56328cc395ca695d76f498/asset-pipeline-3.0.8.jar
2015-11-19 13:15:36.527+0000 INFO  [o.n.k.i.DiagnosticsManager]  [classpath + loader.0] file:/Users/graemerocher/.gradle/caches/modules-2/files-2.1/org.grails/grails-plugin-datasource/3.0.9/493c46792f426d91236b36bd4d821ce2db0ff2f4/grails-plugin-datasource-3.0.9.jar
2015-11-19 13:15:36.527+0000 INFO  [o.n.k.i.DiagnosticsManager]  [classpath + loader.0] file:/Users/graemerocher/.gradle/caches/modules-2/files-2.1/org.grails/grails-plugin-rest/3.0.9/6cc520c20fbb46c8cc04689390df568659bab61/grails-plugin-rest-3.0.9.jar
2015-11-19 13:15:36.527+0000 INFO  [o.n.k.i.DiagnosticsManager]  [classpath + loader.0] file:/Users/graemerocher/.gradle/caches/modules-2/files-2.1/org.seleniumhq.selenium/selenium-htmlunit-driver/2.44.0/aadf1303dedddddf059c8bd97b8816f28fec3cf8/selenium-htmlunit-driver-2.44.0.jar
2015-11-19 13:15:36.527+0000 INFO  [o.n.k.i.DiagnosticsManager]  [classpath + loader.0] file:/Users/graemerocher/.m2/repository/org/parboiled/parboiled-scala_2.11/1.1.7/parboiled-scala_2.11-1.1.7.jar
2015-11-19 13:15:36.527+0000 INFO  [o.n.k.i.DiagnosticsManager]  [classpath + loader.0] file:/Users/graemerocher/.m2/repository/org/slf4j/jul-to-slf4j/1.7.12/jul-to-slf4j-1.7.12.jar
2015-11-19 13:15:36.527+0000 INFO  [o.n.k.i.DiagnosticsManager]  [bootstrap] /Library/Java/JavaVirtualMachines/jdk1.7.0_60.jdk/Contents/Home/jre/lib/jce.jar
2015-11-19 13:15:36.527+0000 INFO  [o.n.k.i.DiagnosticsManager]  [classpath + loader.0] file:/Users/graemerocher/.gradle/caches/modules-2/files-2.1/com.google.code.gson/gson/2.3/5fc52c41ef0239d1093a1eb7c3697036183677ce/gson-2.3.jar
2015-11-19 13:15:36.527+0000 INFO  [o.n.k.i.DiagnosticsManager]  [classpath + loader.0] file:/Users/graemerocher/.gradle/caches/modules-2/files-2.1/org.grails/grails-gsp/3.0.9/687ae5bb33990ad72250b57d45df192abfde9346/grails-gsp-3.0.9.jar
2015-11-19 13:15:36.527+0000 INFO  [o.n.k.i.DiagnosticsManager]  [classpath + loader.0] file:/Users/graemerocher/.gradle/caches/modules-2/files-2.1/io.projectreactor.spring/reactor-spring-core/2.0.6.RELEASE/8eb6c6f4df6e40bf5caff119374e71b0cb8351e8/reactor-spring-core-2.0.6.RELEASE.jar
2015-11-19 13:15:36.527+0000 INFO  [o.n.k.i.DiagnosticsManager]  [classpath + loader.0] file:/Users/graemerocher/.gradle/caches/modules-2/files-2.1/org.objenesis/objenesis/2.1/87c0ea803b69252868d09308b4618f766f135a96/objenesis-2.1.jar
2015-11-19 13:15:36.527+0000 INFO  [o.n.k.i.DiagnosticsManager]  [classpath + loader.0] file:/Users/graemerocher/.gradle/caches/modules-2/files-2.1/org.gebish/geb-ast/0.10.0/a5d1e616d7261d06c11d0d89853d792fcd6ad498/geb-ast-0.10.0.jar
2015-11-19 13:15:36.527+0000 INFO  [o.n.k.i.DiagnosticsManager]  [classpath + loader.0] file:/Users/graemerocher/.gradle/caches/modules-2/files-2.1/org.mockito/mockito-core/1.10.19/e8546f5bef4e061d8dd73895b4e8f40e3fe6effe/mockito-core-1.10.19.jar
2015-11-19 13:15:36.527+0000 INFO  [o.n.k.i.DiagnosticsManager]  [classpath + loader.0] file:/Users/graemerocher/.gradle/caches/modules-2/files-2.1/org.grails.plugins/fields/2.1.0/670b525afca7dffd7c5a73b7baecb441fab4c2e8/fields-2.1.0.jar
2015-11-19 13:15:36.527+0000 INFO  [o.n.k.i.DiagnosticsManager]  [classpath + loader.0] file:/Users/graemerocher/.gradle/caches/modules-2/files-2.1/org.grails/grails-plugin-domain-class/3.0.9/b243fe02bb2bae0e5b495847d9b85a88706ef3b3/grails-plugin-domain-class-3.0.9.jar
2015-11-19 13:15:36.527+0000 INFO  [o.n.k.i.DiagnosticsManager]  [classpath + loader.0] file:/Users/graemerocher/.m2/repository/javax/transaction/jta/1.1/jta-1.1.jar
2015-11-19 13:15:36.527+0000 INFO  [o.n.k.i.DiagnosticsManager]  [classpath + loader.0] file:/Users/graemerocher/.gradle/caches/modules-2/files-2.1/org.grails/grails-async/3.0.9/3b6b740dd4c95b6bf6647ec05ff6ac2507523fdb/grails-async-3.0.9.jar
2015-11-19 13:15:36.527+0000 INFO  [o.n.k.i.DiagnosticsManager]  [classpath + loader.0] file:/Users/graemerocher/.gradle/caches/modules-2/files-2.1/org.grails/grails-plugin-filters/3.0.9/233a69afe2036d543e4922c06f55bfd7c75fd664/grails-plugin-filters-3.0.9.jar
2015-11-19 13:15:36.527+0000 INFO  [o.n.k.i.DiagnosticsManager]  [classpath + loader.0] file:/Users/graemerocher/.gradle/caches/modules-2/files-2.1/org.grails/grails-web-jsp/3.0.9/770b6a58a7879bae3150f2ffcc7fec2264261961/grails-web-jsp-3.0.9.jar
2015-11-19 13:15:36.527+0000 INFO  [o.n.k.i.DiagnosticsManager]  [classpath + loader.0] file:/Users/graemerocher/.gradle/caches/modules-2/files-2.1/org.eclipse.jetty/jetty-websocket/8.1.15.v20140411/296f3a0d556c55f0b386c1af2a4415d22a9f9e65/jetty-websocket-8.1.15.v20140411.jar
2015-11-19 13:15:36.527+0000 INFO  [o.n.k.i.DiagnosticsManager]  [classpath + loader.0] file:/Users/graemerocher/.gradle/caches/modules-2/files-2.1/org.codehaus.groovy/groovy-json/2.4.5/ff21b54d65128ff46488286af056eed606481f97/groovy-json-2.4.5.jar
2015-11-19 13:15:36.527+0000 INFO  [o.n.k.i.DiagnosticsManager]  [classpath + loader.0] file:/Users/graemerocher/.m2/repository/org/apache/lucene/lucene-core/3.6.2/lucene-core-3.6.2.jar
2015-11-19 13:15:36.527+0000 INFO  [o.n.k.i.DiagnosticsManager]  [classpath + loader.0] file:/Users/graemerocher/.m2/repository/org/neo4j/neo4j-consistency-check/2.3.1/neo4j-consistency-check-2.3.1.jar
2015-11-19 13:15:36.527+0000 INFO  [o.n.k.i.DiagnosticsManager]  [classpath + loader.0] file:/Users/graemerocher/.m2/repository/org/codehaus/gpars/gpars/1.2.1/gpars-1.2.1.jar
2015-11-19 13:15:36.527+0000 INFO  [o.n.k.i.DiagnosticsManager]  [classpath + loader.0] file:/Users/graemerocher/.m2/repository/org/neo4j/neo4j-lucene-index/2.3.1/neo4j-lucene-index-2.3.1.jar
2015-11-19 13:15:36.527+0000 INFO  [o.n.k.i.DiagnosticsManager]  [classpath + loader.0] file:/Users/graemerocher/.m2/repository/net/minidev/json-smart/1.2/json-smart-1.2.jar
2015-11-19 13:15:36.527+0000 INFO  [o.n.k.i.DiagnosticsManager]  [classpath + loader.0] file:/Users/graemerocher/.m2/repository/org/neo4j/neo4j-cypher-frontend-2.3/2.3.1/neo4j-cypher-frontend-2.3-2.3.1.jar
2015-11-19 13:15:36.527+0000 INFO  [o.n.k.i.DiagnosticsManager]  [classpath + loader.0] file:/Users/graemerocher/.m2/repository/org/codehaus/jsr166-mirror/jsr166y/1.7.0/jsr166y-1.7.0.jar
2015-11-19 13:15:36.527+0000 INFO  [o.n.k.i.DiagnosticsManager]  [classpath + loader.0] file:/Users/graemerocher/.m2/repository/org/neo4j/neo4j-cypher/2.3.1/neo4j-cypher-2.3.1.jar
2015-11-19 13:15:36.527+0000 INFO  [o.n.k.i.DiagnosticsManager]  [classpath + loader.0] file:/Users/graemerocher/.m2/repository/commons-lang/commons-lang/2.6/commons-lang-2.6.jar
2015-11-19 13:15:36.527+0000 INFO  [o.n.k.i.DiagnosticsManager]  [loader.1] file:/System/Library/Java/Extensions/MRJToolkit.jar
2015-11-19 13:15:36.527+0000 INFO  [o.n.k.i.DiagnosticsManager]  [classpath + loader.0] file:/Users/graemerocher/.gradle/caches/modules-2/files-2.1/org.grails.plugins/scaffolding/3.1.2/70559775aa9169ee155a70dd1a66f271eccdccee/scaffolding-3.1.2.jar
2015-11-19 13:15:36.527+0000 INFO  [o.n.k.i.DiagnosticsManager]  [classpath + loader.0] file:/Users/graemerocher/.gradle/caches/modules-2/files-2.1/org.springframework/spring-beans/4.1.7.RELEASE/e52148e9671e2918a2172c9cf56b77bede2042ce/spring-beans-4.1.7.RELEASE.jar
2015-11-19 13:15:36.527+0000 INFO  [o.n.k.i.DiagnosticsManager]  [classpath + loader.0] file:/Users/graemerocher/.m2/repository/com/fasterxml/jackson/core/jackson-core/2.4.6/jackson-core-2.4.6.jar
2015-11-19 13:15:36.527+0000 INFO  [o.n.k.i.DiagnosticsManager]  [classpath + loader.0] file:/Users/graemerocher/.gradle/caches/modules-2/files-2.1/io.projectreactor.spring/reactor-spring-context/2.0.6.RELEASE/1408e5ae689d3aca8b910ad2f39fce080a646feb/reactor-spring-context-2.0.6.RELEASE.jar
2015-11-19 13:15:36.527+0000 INFO  [o.n.k.i.DiagnosticsManager]  [classpath + loader.0] file:/Users/graemerocher/.m2/repository/org/aspectj/aspectjrt/1.8.5/aspectjrt-1.8.5.jar
2015-11-19 13:15:36.527+0000 INFO  [o.n.k.i.DiagnosticsManager]  [classpath + loader.0] file:/Users/graemerocher/.gradle/caches/modules-2/files-2.1/org.grails/grails-web/3.0.9/de9d39704fbacd42e3fa596020b0384921bc6ec7/grails-web-3.0.9.jar
2015-11-19 13:15:36.527+0000 INFO  [o.n.k.i.DiagnosticsManager]  [classpath + loader.0] file:/Users/graemerocher/.gradle/caches/modules-2/files-2.1/org.springframework/spring-aspects/4.1.7.RELEASE/7bba74bc38abf8fdaa8ad8288574edb4430ed490/spring-aspects-4.1.7.RELEASE.jar
2015-11-19 13:15:36.527+0000 INFO  [o.n.k.i.DiagnosticsManager]  [classpath + loader.0] file:/Users/graemerocher/.m2/repository/ch/qos/logback/logback-classic/1.1.3/logback-classic-1.1.3.jar
2015-11-19 13:15:36.527+0000 INFO  [o.n.k.i.DiagnosticsManager]  [classpath + loader.0] file:/Users/graemerocher/.m2/repository/org/neo4j/neo4j-jmx/2.3.1/neo4j-jmx-2.3.1.jar
2015-11-19 13:15:36.527+0000 INFO  [o.n.k.i.DiagnosticsManager]  [classpath + loader.0] file:/Users/graemerocher/.gradle/caches/modules-2/files-2.1/org.reactivestreams/reactive-streams/1.0.0/14b8c877d98005ba3941c9257cfe09f6ed0e0d74/reactive-streams-1.0.0.jar
2015-11-19 13:15:36.528+0000 INFO  [o.n.k.i.DiagnosticsManager]  [classpath + loader.0] file:/Users/graemerocher/.gradle/caches/modules-2/files-2.1/org.neo4j/neo4j-io/2.3.1/5d6b6197341c9e8318e4ad770db7b7d3136bfc7d/neo4j-io-2.3.1.jar
2015-11-19 13:15:36.528+0000 INFO  [o.n.k.i.DiagnosticsManager]  [classpath + loader.0] file:/Users/graemerocher/.m2/repository/org/grails/grails-datastore-simple/5.0.0.BUILD-SNAPSHOT/grails-datastore-simple-5.0.0.BUILD-SNAPSHOT.jar
2015-11-19 13:15:36.528+0000 INFO  [o.n.k.i.DiagnosticsManager]  [classpath + loader.0] file:/Users/graemerocher/.gradle/caches/modules-2/files-2.1/org.grails/grails-web-boot/3.0.9/e2d6e578d11cc05f8caf899b6eb91bf0d4f250d3/grails-web-boot-3.0.9.jar
2015-11-19 13:15:36.528+0000 INFO  [o.n.k.i.DiagnosticsManager]  [classpath + loader.0] file:/Users/graemerocher/grails/data-functional-tests/neo4j/build/resources/main/
2015-11-19 13:15:36.528+0000 INFO  [o.n.k.i.DiagnosticsManager]  [classpath + loader.0] file:/Users/graemerocher/.gradle/caches/modules-2/files-2.1/org.grails/grails-plugin-codecs/3.0.9/bd3bdc41677a02ec26ed6e2f9b64aa4a83ec748e/grails-plugin-codecs-3.0.9.jar
2015-11-19 13:15:36.528+0000 INFO  [o.n.k.i.DiagnosticsManager]  [loader.1] file:/Library/Java/JavaVirtualMachines/jdk1.7.0_60.jdk/Contents/Home/jre/lib/ext/zipfs.jar
2015-11-19 13:15:36.528+0000 INFO  [o.n.k.i.DiagnosticsManager]  [classpath + loader.0] file:/Users/graemerocher/.gradle/caches/modules-2/files-2.1/org.springframework.boot/spring-boot-starter-logging/1.2.6.RELEASE/705098e35b3a95c6353632077702d079e20199cf/spring-boot-starter-logging-1.2.6.RELEASE.jar
2015-11-19 13:15:36.528+0000 INFO  [o.n.k.i.DiagnosticsManager]  [classpath + loader.0] file:/Users/graemerocher/.m2/repository/net/sf/opencsv/opencsv/2.3/opencsv-2.3.jar
2015-11-19 13:15:36.528+0000 INFO  [o.n.k.i.DiagnosticsManager]  [classpath + loader.0] file:/Users/graemerocher/.gradle/caches/modules-2/files-2.1/org.codehaus.groovy/groovy-sql/2.4.5/a8a1b9eb0a1282940b4d41a43ca5df5178d70fb3/groovy-sql-2.4.5.jar
2015-11-19 13:15:36.528+0000 INFO  [o.n.k.i.DiagnosticsManager]  [classpath + loader.0] file:/Users/graemerocher/.gradle/caches/modules-2/files-2.1/org.grails/grails-web-databinding/3.0.9/fe946b1cb1fdc2cbc9effaf370daae064c3e244/grails-web-databinding-3.0.9.jar
2015-11-19 13:15:36.528+0000 INFO  [o.n.k.i.DiagnosticsManager]  [classpath + loader.0] file:/Users/graemerocher/.gradle/caches/modules-2/files-2.1/org.gebish/geb-core/0.10.0/57b443ddcf53c28705829f4d17290d8403bc7a35/geb-core-0.10.0.jar
2015-11-19 13:15:36.528+0000 INFO  [o.n.k.i.DiagnosticsManager]  [classpath + loader.0] file:/Users/graemerocher/.m2/repository/cglib/cglib-nodep/2.1_3/cglib-nodep-2.1_3.jar
2015-11-19 13:15:36.528+0000 INFO  [o.n.k.i.DiagnosticsManager]  [classpath + loader.0] file:/Users/graemerocher/.gradle/caches/modules-2/files-2.1/org.springframework/spring-webmvc/4.1.7.RELEASE/b6b9f604cb2223251cae67fff7ca2b1d9ff1c2d8/spring-webmvc-4.1.7.RELEASE.jar
2015-11-19 13:15:36.528+0000 INFO  [o.n.k.i.DiagnosticsManager]  [classpath + loader.0] file:/Users/graemerocher/.gradle/caches/modules-2/files-2.1/org.grails/grails-plugin-url-mappings/3.0.9/4a7fb37f8fce82e7bc70253acecb9eb6ecd3a49a/grails-plugin-url-mappings-3.0.9.jar
2015-11-19 13:15:36.528+0000 INFO  [o.n.k.i.DiagnosticsManager]  [classpath + loader.0] file:/Users/graemerocher/.m2/repository/commons-io/commons-io/2.4/commons-io-2.4.jar
2015-11-19 13:15:36.528+0000 INFO  [o.n.k.i.DiagnosticsManager]  [classpath + loader.0] file:/Users/graemerocher/.m2/repository/opensymphony/sitemesh/2.4/sitemesh-2.4.jar
2015-11-19 13:15:36.528+0000 INFO  [o.n.k.i.DiagnosticsManager]  [classpath + loader.0] file:/Users/graemerocher/.gradle/caches/modules-2/files-2.1/org.grails/grails-plugin-gsp/3.0.9/123055121c92e0f2242e225a3204ec96d3bd26a9/grails-plugin-gsp-3.0.9.jar
2015-11-19 13:15:36.528+0000 INFO  [o.n.k.i.DiagnosticsManager]  [classpath + loader.0] file:/Users/graemerocher/.m2/repository/org/apache/tomcat/embed/tomcat-embed-logging-log4j/7.0.55/tomcat-embed-logging-log4j-7.0.55.jar
2015-11-19 13:15:36.528+0000 INFO  [o.n.k.i.DiagnosticsManager]  [loader.1] file:/Library/Java/JavaVirtualMachines/jdk1.7.0_60.jdk/Contents/Home/jre/lib/ext/sunjce_provider.jar
2015-11-19 13:15:36.528+0000 INFO  [o.n.k.i.DiagnosticsManager]  [classpath + loader.0] file:/Users/graemerocher/.gradle/caches/modules-2/files-2.1/org.eclipse.jetty/jetty-util/8.1.15.v20140411/9fe1fedd4c3a0bc5dbc2f1c0588fc5c9c83014a5/jetty-util-8.1.15.v20140411.jar
2015-11-19 13:15:36.528+0000 INFO  [o.n.k.i.DiagnosticsManager]  [classpath + loader.0] file:/Users/graemerocher/.m2/repository/com/goldmansachs/gs-collections-api/5.1.0/gs-collections-api-5.1.0.jar
2015-11-19 13:15:36.528+0000 INFO  [o.n.k.i.DiagnosticsManager]  [classpath + loader.0] file:/Users/graemerocher/.gradle/caches/modules-2/files-2.1/org.grails/grails-databinding/3.0.9/49544b296939a75a53759d3b39a2e8343990c207/grails-databinding-3.0.9.jar
2015-11-19 13:15:36.528+0000 INFO  [o.n.k.i.DiagnosticsManager]  [classpath + loader.0] file:/Users/graemerocher/.gradle/caches/modules-2/files-2.1/com.jayway.jsonpath/json-path/0.9.0/eb4e9cbfc09133cfe3101d5a70cfa35d8b71eeec/json-path-0.9.0.jar
2015-11-19 13:15:36.528+0000 INFO  [o.n.k.i.DiagnosticsManager]  [bootstrap] /Library/Java/JavaVirtualMachines/jdk1.7.0_60.jdk/Contents/Home/jre/lib/rt.jar
2015-11-19 13:15:36.528+0000 INFO  [o.n.k.i.DiagnosticsManager]  [classpath + loader.0] file:/Users/graemerocher/.m2/repository/org/neo4j/neo4j-primitive-collections/2.3.1/neo4j-primitive-collections-2.3.1.jar
2015-11-19 13:15:36.528+0000 INFO  [o.n.k.i.DiagnosticsManager]  [classpath + loader.0] file:/Users/graemerocher/.gradle/caches/modules-2/files-2.1/org.neo4j/neo4j/2.3.1/d7ece44c560e8e1e588ae19914bccb09bc475af6/neo4j-2.3.1.pom
2015-11-19 13:15:36.528+0000 INFO  [o.n.k.i.DiagnosticsManager]  [classpath + loader.0] file:/Users/graemerocher/.gradle/caches/modules-2/files-2.1/org.grails/grails-bootstrap/3.0.9/4c877092fcbc4a2e9cec538fa0daa22396ea1221/grails-bootstrap-3.0.9.jar
2015-11-19 13:15:36.528+0000 INFO  [o.n.k.i.DiagnosticsManager]  [classpath + loader.0] file:/Users/graemerocher/.gradle/caches/modules-2/files-2.1/org.grails/grails-plugin-controllers/3.0.9/3ce2c16cb56505bcdff729126835f88d6029c130/grails-plugin-controllers-3.0.9.jar
2015-11-19 13:15:36.528+0000 INFO  [o.n.k.i.DiagnosticsManager]  [classpath + loader.0] file:/Users/graemerocher/.gradle/caches/modules-2/files-2.1/com.googlecode.concurrentlinkedhashmap/concurrentlinkedhashmap-lru/1.4.2/2eaf3d3c9746d526ff7e5b93931d482c3887e6ac/concurrentlinkedhashmap-lru-1.4.2.jar
2015-11-19 13:15:36.528+0000 INFO  [o.n.k.i.DiagnosticsManager]  [classpath + loader.0] file:/Users/graemerocher/.gradle/caches/modules-2/files-2.1/org.springframework.boot/spring-boot-starter-tomcat/1.2.6.RELEASE/83c3287f489e2749d97e725463acc7989002e15/spring-boot-starter-tomcat-1.2.6.RELEASE.jar
2015-11-19 13:15:36.528+0000 INFO  [o.n.k.i.DiagnosticsManager]  [classpath + loader.0] file:/Users/graemerocher/.m2/repository/org/neo4j/neo4j-csv/2.3.1/neo4j-csv-2.3.1.jar
2015-11-19 13:15:36.528+0000 INFO  [o.n.k.i.DiagnosticsManager]  [classpath + loader.0] file:/Users/graemerocher/.m2/repository/commons-collections/commons-collections/3.2.1/commons-collections-3.2.1.jar
2015-11-19 13:15:36.528+0000 INFO  [o.n.k.i.DiagnosticsManager]  [classpath + loader.0] file:/Users/graemerocher/grails/data-functional-tests/neo4j/build/classes/integrationTest/
2015-11-19 13:15:36.528+0000 INFO  [o.n.k.i.DiagnosticsManager]  [classpath + loader.0] file:/Users/graemerocher/.m2/repository/org/apache/ant/ant/1.9.4/ant-1.9.4.jar
2015-11-19 13:15:36.528+0000 INFO  [o.n.k.i.DiagnosticsManager]  [classpath + loader.0] file:/Users/graemerocher/.m2/repository/org/neo4j/neo4j-consistency-check-legacy/2.3.1/neo4j-consistency-check-legacy-2.3.1.jar
2015-11-19 13:15:36.528+0000 INFO  [o.n.k.i.DiagnosticsManager]  [classpath + loader.0] file:/Users/graemerocher/.m2/repository/xml-apis/xml-apis/1.4.01/xml-apis-1.4.01.jar
2015-11-19 13:15:36.528+0000 INFO  [o.n.k.i.DiagnosticsManager]  [classpath + loader.0] file:/Users/graemerocher/.gradle/caches/modules-2/files-2.1/net.sourceforge.htmlunit/htmlunit/2.15/8d3e66215a2337cfbc5c3316820ab300022baa54/htmlunit-2.15.jar
2015-11-19 13:15:36.528+0000 INFO  [o.n.k.i.DiagnosticsManager]  [classpath + loader.0] file:/Users/graemerocher/grails/data-functional-tests/neo4j/build/classes/test
2015-11-19 13:15:36.528+0000 INFO  [o.n.k.i.DiagnosticsManager]  [classpath + loader.0] file:/Users/graemerocher/.gradle/caches/modules-2/files-2.1/org.apache.tomcat.embed/tomcat-embed-el/8.0.26/8b090d3dccb292b83c03b990f109bf5ceace50ca/tomcat-embed-el-8.0.26.jar
2015-11-19 13:15:36.528+0000 INFO  [o.n.k.i.DiagnosticsManager]  [classpath + loader.0] file:/Users/graemerocher/.gradle/caches/modules-2/files-2.1/org.eclipse.jetty/jetty-io/8.1.15.v20140411/8849cf59187275366cd05f37b2fb71319291370b/jetty-io-8.1.15.v20140411.jar
2015-11-19 13:15:36.528+0000 INFO  [o.n.k.i.DiagnosticsManager]  [loader.1] file:/Library/Java/JavaVirtualMachines/jdk1.7.0_60.jdk/Contents/Home/jre/lib/ext/localedata.jar
2015-11-19 13:15:36.528+0000 INFO  [o.n.k.i.DiagnosticsManager]  [classpath + loader.0] file:/Users/graemerocher/.m2/repository/org/ow2/asm/asm/5.0.2/asm-5.0.2.jar
2015-11-19 13:15:36.528+0000 INFO  [o.n.k.i.DiagnosticsManager]  [classpath + loader.0] file:/Users/graemerocher/.m2/repository/org/apache/ant/ant-junit/1.9.4/ant-junit-1.9.4.jar
2015-11-19 13:15:36.528+0000 INFO  [o.n.k.i.DiagnosticsManager]  [classpath + loader.0] file:/Users/graemerocher/.gradle/caches/modules-2/files-2.1/org.codehaus.groovy/groovy-ant/2.4.5/da3bf324dd8480f6f94e6f6a6af3fdea7cc03af4/groovy-ant-2.4.5.jar
2015-11-19 13:15:36.528+0000 INFO  [o.n.k.i.DiagnosticsManager]  [classpath + loader.0] file:/Users/graemerocher/.gradle/caches/modules-2/files-2.1/org.springframework/spring-web/4.1.7.RELEASE/2d9245006b788d7d6afeec85a43e4bfe2e46340a/spring-web-4.1.7.RELEASE.jar
2015-11-19 13:15:36.528+0000 INFO  [o.n.k.i.DiagnosticsManager]  [loader.1] file:/Library/Java/JavaVirtualMachines/jdk1.7.0_60.jdk/Contents/Home/jre/lib/ext/sunpkcs11.jar
2015-11-19 13:15:36.528+0000 INFO  [o.n.k.i.DiagnosticsManager]  [classpath + loader.0] file:/Users/graemerocher/.m2/repository/com/google/javascript/closure-compiler/v20141023/closure-compiler-v20141023.jar
2015-11-19 13:15:36.528+0000 INFO  [o.n.k.i.DiagnosticsManager]  [classpath + loader.0] file:/Users/graemerocher/.m2/repository/org/grails/grails-datastore-gorm-support/5.0.0.BUILD-SNAPSHOT/grails-datastore-gorm-support-5.0.0.BUILD-SNAPSHOT.jar
2015-11-19 13:15:36.528+0000 INFO  [o.n.k.i.DiagnosticsManager]  [classpath + loader.0] file:/Users/graemerocher/.gradle/caches/modules-2/files-2.1/org.neo4j/neo4j-kernel/2.3.1/b07d1e68e28f184f069f8501889ba09695fe7a2a/neo4j-kernel-2.3.1-tests.jar
2015-11-19 13:15:36.528+0000 INFO  [o.n.k.i.DiagnosticsManager]  [classpath + loader.0] file:/Users/graemerocher/.m2/repository/org/neo4j/neo4j-graph-matching/2.3.1/neo4j-graph-matching-2.3.1.jar
2015-11-19 13:15:36.528+0000 INFO  [o.n.k.i.DiagnosticsManager]  [loader.1] file:/Library/Java/JavaVirtualMachines/jdk1.7.0_60.jdk/Contents/Home/jre/lib/ext/sunec.jar
2015-11-19 13:15:36.528+0000 INFO  [o.n.k.i.DiagnosticsManager]  [classpath + loader.0] file:/Users/graemerocher/.gradle/caches/modules-2/files-2.1/org.apache.ant/ant-antlr/1.9.4/4cf30025981dc2344324a0ef0e40063c3ef08f0a/ant-antlr-1.9.4.jar
2015-11-19 13:15:36.528+0000 INFO  [o.n.k.i.DiagnosticsManager]  [classpath + loader.0] file:/Users/graemerocher/.gradle/caches/modules-2/files-2.1/org.apache.tomcat/tomcat-juli/7.0.55/7b0d3759db33865f882e77bdddb87c3cb28cecc3/tomcat-juli-7.0.55.jar
2015-11-19 13:15:36.528+0000 INFO  [o.n.k.i.DiagnosticsManager]  [classpath + loader.0] file:/Users/graemerocher/.m2/repository/org/grails/grails-datastore-core/5.0.0.BUILD-SNAPSHOT/grails-datastore-core-5.0.0.BUILD-SNAPSHOT.jar
2015-11-19 13:15:36.528+0000 INFO  [o.n.k.i.DiagnosticsManager]  [classpath + loader.0] file:/Users/graemerocher/.gradle/caches/modules-2/files-2.1/org.aspectj/aspectjweaver/1.8.6/7108cf65148f29a55ebf23db2c46224ea9d086dc/aspectjweaver-1.8.6.jar
2015-11-19 13:15:36.528+0000 INFO  [o.n.k.i.DiagnosticsManager]  [classpath + loader.0] file:/Users/graemerocher/.m2/repository/commons-logging/commons-logging/1.2/commons-logging-1.2.jar
2015-11-19 13:15:36.528+0000 INFO  [o.n.k.i.DiagnosticsManager]  [classpath + loader.0] file:/Users/graemerocher/.m2/repository/org/neo4j/neo4j-function/2.3.1/neo4j-function-2.3.1.jar
2015-11-19 13:15:36.528+0000 INFO  [o.n.k.i.DiagnosticsManager]  [classpath + loader.0] file:/Users/graemerocher/.m2/repository/org/neo4j/neo4j-cypher-compiler-1.9_2.11/2.0.5/neo4j-cypher-compiler-1.9_2.11-2.0.5.jar
2015-11-19 13:15:36.528+0000 INFO  [o.n.k.i.DiagnosticsManager]  [classpath + loader.0] file:/Users/graemerocher/.gradle/caches/modules-2/files-2.1/org.codehaus.groovy/groovy-test/2.4.5/426a60b945dc24050b3a5e15d9092382c7053fbc/groovy-test-2.4.5.jar
2015-11-19 13:15:36.528+0000 INFO  [o.n.k.i.DiagnosticsManager]  [classpath + loader.0] file:/Users/graemerocher/.gradle/caches/modules-2/files-2.1/org.grails/grails-web-gsp/3.0.9/5821bba159df3151fd3781bfcd2a9251df9005dc/grails-web-gsp-3.0.9.jar
2015-11-19 13:15:36.528+0000 INFO  [o.n.k.i.DiagnosticsManager]  [classpath + loader.0] file:/Users/graemerocher/.m2/repository/org/neo4j/neo4j-codegen/2.3.1/neo4j-codegen-2.3.1.jar
2015-11-19 13:15:36.528+0000 INFO  [o.n.k.i.DiagnosticsManager]  [classpath + loader.0] file:/Users/graemerocher/.m2/repository/org/neo4j/neo4j-cypher-compiler-2.2_2.11/2.2.6/neo4j-cypher-compiler-2.2_2.11-2.2.6.jar
2015-11-19 13:15:36.529+0000 INFO  [o.n.k.i.DiagnosticsManager]  [classpath + loader.0] file:/Users/graemerocher/.gradle/caches/modules-2/files-2.1/org.grails/grails-plugin-mimetypes/3.0.9/53cb4bb671863da99a5f5e55612e8fd8797c583d/grails-plugin-mimetypes-3.0.9.jar
2015-11-19 13:15:36.529+0000 INFO  [o.n.k.i.DiagnosticsManager]  [classpath + loader.0] file:/Users/graemerocher/.m2/repository/com/fasterxml/jackson/core/jackson-databind/2.4.6/jackson-databind-2.4.6.jar
2015-11-19 13:15:36.529+0000 INFO  [o.n.k.i.DiagnosticsManager]  [classpath + loader.0] file:/Users/graemerocher/.gradle/caches/modules-2/files-2.1/org.springframework.boot/spring-boot-actuator/1.2.6.RELEASE/142f23d9b19ddb0c606dfc9df1421d93e79f27d8/spring-boot-actuator-1.2.6.RELEASE.jar
2015-11-19 13:15:36.529+0000 INFO  [o.n.k.i.DiagnosticsManager]  [classpath + loader.0] file:/Users/graemerocher/.gradle/caches/modules-2/files-2.1/org.springframework/spring-jdbc/4.1.7.RELEASE/5e4c9931acaf2857efe5f1ad27e4791c0855b8b2/spring-jdbc-4.1.7.RELEASE.jar
2015-11-19 13:15:36.529+0000 INFO  [o.n.k.i.DiagnosticsManager]  [classpath + loader.0] file:/Users/graemerocher/.gradle/caches/modules-2/files-2.1/org.springframework/spring-aop/4.1.7.RELEASE/127f005bac8ec1fbbbc5bb1595d78c6179394a46/spring-aop-4.1.7.RELEASE.jar
2015-11-19 13:15:36.529+0000 INFO  [o.n.k.i.DiagnosticsManager]  [classpath + loader.0] file:/Users/graemerocher/.m2/repository/org/neo4j/neo4j-logging/2.3.1/neo4j-logging-2.3.1.jar
2015-11-19 13:15:36.529+0000 INFO  [o.n.k.i.DiagnosticsManager]  [classpath + loader.0] file:/Users/graemerocher/.m2/repository/org/grails/plugins/neo4j/5.0.0.BUILD-SNAPSHOT/neo4j-5.0.0.BUILD-SNAPSHOT.jar
2015-11-19 13:15:36.529+0000 INFO  [o.n.k.i.DiagnosticsManager]  [classpath + loader.0] file:/Users/graemerocher/.gradle/caches/modules-2/files-2.1/org.springframework.boot/spring-boot/1.2.6.RELEASE/888496de7156692a0eb5685cb18e0f6dd23b1ff4/spring-boot-1.2.6.RELEASE.jar
2015-11-19 13:15:36.529+0000 INFO  [o.n.k.i.DiagnosticsManager]  [classpath + loader.0] file:/Users/graemerocher/grails/data-functional-tests/neo4j/build/resources/test
2015-11-19 13:15:36.529+0000 INFO  [o.n.k.i.DiagnosticsManager]  [classpath + loader.0] file:/Users/graemerocher/.m2/repository/xalan/xalan/2.7.1/xalan-2.7.1.jar
2015-11-19 13:15:36.529+0000 INFO  [o.n.k.i.DiagnosticsManager]  [classpath + loader.0] file:/Users/graemerocher/.gradle/caches/modules-2/files-2.1/org.grails/grails-test/3.0.9/28120d03da1e973dad7e826bc10f8df16b87d9a6/grails-test-3.0.9.jar
2015-11-19 13:15:36.529+0000 INFO  [o.n.k.i.DiagnosticsManager]  [loader.1] file:/Library/Java/JavaVirtualMachines/jdk1.7.0_60.jdk/Contents/Home/jre/lib/ext/dnsns.jar
2015-11-19 13:15:36.529+0000 INFO  [o.n.k.i.DiagnosticsManager]  [classpath + loader.0] file:/Users/graemerocher/.m2/repository/net/java/dev/jna/jna/3.4.0/jna-3.4.0.jar
2015-11-19 13:15:36.529+0000 INFO  [o.n.k.i.DiagnosticsManager]  [classpath + loader.0] file:/Users/graemerocher/.gradle/caches/modules-2/files-2.1/net.sourceforge.nekohtml/nekohtml/1.9.21/6841b177ab20385a9e9e0c83be3bf8711a6bc5e4/nekohtml-1.9.21.jar
2015-11-19 13:15:36.529+0000 INFO  [o.n.k.i.DiagnosticsManager]  [classpath + loader.0] file:/Users/graemerocher/.gradle/caches/modules-2/files-2.1/org.grails/grails-web-sitemesh/3.0.9/327a5da810e34116bb380110233646f5a2239071/grails-web-sitemesh-3.0.9.jar
2015-11-19 13:15:36.529+0000 INFO  [o.n.k.i.DiagnosticsManager]  [classpath + loader.0] file:/Users/graemerocher/.gradle/caches/modules-2/files-2.1/org.grails.plugins/geb/1.0.0/d5d5ce7275eda4e8f0b112cc5aaa73ed8d27b4fe/geb-1.0.0.jar
2015-11-19 13:15:36.529+0000 INFO  [o.n.k.i.DiagnosticsManager]  [classpath + loader.0] file:/Users/graemerocher/.gradle/caches/modules-2/files-2.1/org.seleniumhq.selenium/selenium-remote-driver/2.44.0/ef7b79655dfab115b04dee1e2be22f2c3411c0e9/selenium-remote-driver-2.44.0.jar
2015-11-19 13:15:36.529+0000 INFO  [o.n.k.i.DiagnosticsManager]  [classpath + loader.0] file:/Users/graemerocher/.m2/repository/junit/junit/4.12/junit-4.12.jar
2015-11-19 13:15:36.529+0000 INFO  [o.n.k.i.DiagnosticsManager]  [classpath + loader.0] file:/Users/graemerocher/.gradle/caches/modules-2/files-2.1/org.springframework.boot/spring-boot-starter-actuator/1.2.6.RELEASE/225440542e6ef7c577ac65ba7cc1e86041706074/spring-boot-starter-actuator-1.2.6.RELEASE.jar
2015-11-19 13:15:36.529+0000 INFO  [o.n.k.i.DiagnosticsManager]  [classpath + loader.0] file:/Users/graemerocher/.gradle/caches/modules-2/files-2.1/org.codehaus.groovy/groovy-templates/2.4.5/7e125934b98430ba7a80ffea2150f59dfdf71978/groovy-templates-2.4.5.jar
2015-11-19 13:15:36.529+0000 INFO  [o.n.k.i.DiagnosticsManager]  [classpath + loader.0] file:/Users/graemerocher/.gradle/caches/modules-2/files-2.1/org.apache.tomcat/tomcat-jdbc/7.0.55/3d00af6b2e5de5fa2df7bd7c7ec910495c774138/tomcat-jdbc-7.0.55.jar
2015-11-19 13:15:36.529+0000 INFO  [o.n.k.i.DiagnosticsManager]  [classpath + loader.0] file:/Users/graemerocher/.gradle/caches/modules-2/files-2.1/org.grails/grails-plugin-interceptors/3.0.9/d3ec73124762cae052cdf06b450222b8a58a2cde/grails-plugin-interceptors-3.0.9.jar
2015-11-19 13:15:36.529+0000 INFO  [o.n.k.i.DiagnosticsManager]  [classpath + loader.0] file:/Users/graemerocher/.gradle/caches/modules-2/files-2.1/commons-validator/commons-validator/1.4.1/2231238e391057a53f92bde5bbc588622c1956c3/commons-validator-1.4.1.jar
2015-11-19 13:15:36.529+0000 INFO  [o.n.k.i.DiagnosticsManager]  [classpath + loader.0] file:/Users/graemerocher/.gradle/caches/modules-2/files-2.1/org.grails/grails-plugin-services/3.0.9/6228151e6af140603dcf2f6fa1aa59c44709677a/grails-plugin-services-3.0.9.jar
2015-11-19 13:15:36.529+0000 INFO  [o.n.k.i.DiagnosticsManager]  [classpath + loader.0] file:/Users/graemerocher/.gradle/caches/modules-2/files-2.1/org.grails/grails-taglib/3.0.9/ce82f5557ed1831d469f063657184556b6dae4f0/grails-taglib-3.0.9.jar
2015-11-19 13:15:36.529+0000 INFO  [o.n.k.i.DiagnosticsManager]  [classpath + loader.0] file:/Users/graemerocher/.gradle/caches/modules-2/files-2.1/org.gebish/geb-spock/0.10.0/f7d31520f80500e16bb83360a9c04f3c812313c0/geb-spock-0.10.0.jar
2015-11-19 13:15:36.529+0000 INFO  [o.n.k.i.DiagnosticsManager]  [classpath + loader.0] file:/Users/graemerocher/.m2/repository/org/neo4j/neo4j-udc/2.3.1/neo4j-udc-2.3.1.jar
2015-11-19 13:15:36.529+0000 INFO  [o.n.k.i.DiagnosticsManager]  [bootstrap] /Library/Java/JavaVirtualMachines/jdk1.7.0_60.jdk/Contents/Home/jre/lib/jsse.jar
2015-11-19 13:15:36.529+0000 INFO  [o.n.k.i.DiagnosticsManager]  [classpath + loader.0] file:/Users/graemerocher/.gradle/caches/modules-2/files-2.1/org.gebish/geb-implicit-assertions/0.10.0/db02b8943572259ae0e45fc2e97c3a7c42e722a7/geb-implicit-assertions-0.10.0.jar
2015-11-19 13:15:36.529+0000 INFO  [o.n.k.i.DiagnosticsManager]  [classpath + loader.0] file:/Users/graemerocher/.m2/repository/org/apache/commons/commons-lang3/3.3.2/commons-lang3-3.3.2.jar
2015-11-19 13:15:36.529+0000 INFO  [o.n.k.i.DiagnosticsManager]  [classpath + loader.0] file:/Users/graemerocher/.gradle/caches/modules-2/files-2.1/org.seleniumhq.selenium/selenium-api/2.44.0/ed8379783481df59c8046f9671c0e0195acd930d/selenium-api-2.44.0.jar
2015-11-19 13:15:36.529+0000 INFO  [o.n.k.i.DiagnosticsManager]  [classpath + loader.0] file:/Users/graemerocher/grails/data-functional-tests/neo4j/build/resources/integrationTest
2015-11-19 13:15:36.529+0000 INFO  [o.n.k.i.DiagnosticsManager]  [classpath + loader.0] file:/Users/graemerocher/.m2/repository/org/yaml/snakeyaml/1.14/snakeyaml-1.14.jar
2015-11-19 13:15:36.529+0000 INFO  [o.n.k.i.DiagnosticsManager]  [classpath + loader.0] file:/Users/graemerocher/.m2/repository/xalan/serializer/2.7.2/serializer-2.7.2.jar
2015-11-19 13:15:36.529+0000 INFO  [o.n.k.i.DiagnosticsManager]  [classpath + loader.0] file:/Users/graemerocher/.m2/repository/org/hibernate/javax/persistence/hibernate-jpa-2.1-api/1.0.0.Final/hibernate-jpa-2.1-api-1.0.0.Final.jar
2015-11-19 13:15:36.529+0000 INFO  [o.n.k.i.DiagnosticsManager]  [classpath + loader.0] file:/Users/graemerocher/.gradle/caches/modules-2/files-2.1/org.apache.tomcat.embed/tomcat-embed-websocket/8.0.26/83628f454a82ee1d33daaa1d53e635405e4c12c3/tomcat-embed-websocket-8.0.26.jar
2015-11-19 13:15:36.529+0000 INFO  [o.n.k.i.DiagnosticsManager]  [bootstrap] /Library/Java/JavaVirtualMachines/jdk1.7.0_60.jdk/Contents/Home/jre/classes
2015-11-19 13:15:36.529+0000 INFO  [o.n.k.i.DiagnosticsManager]  [classpath + loader.0] file:/Users/graemerocher/.gradle/caches/modules-2/files-2.1/org.grails/grails-plugin-databinding/3.0.9/b48c26df8bef8b5ef382c892e5238f6d2c2c284/grails-plugin-databinding-3.0.9.jar
2015-11-19 13:15:36.529+0000 INFO  [o.n.k.i.DiagnosticsManager]  [classpath + loader.0] file:/Users/graemerocher/.gradle/caches/modules-2/files-2.1/org.grails/grails-core/3.0.9/2b7e80af2fd277baded711cf5b94af0b9a8bf15b/grails-core-3.0.9.jar
2015-11-19 13:15:36.529+0000 INFO  [o.n.k.i.DiagnosticsManager]  [classpath + loader.0] file:/Users/graemerocher/.gradle/caches/modules-2/files-2.1/org.grails/grails-logging/3.0.9/2a997e860869f6554b2091e3e0e1e344129637fb/grails-logging-3.0.9.jar
2015-11-19 13:15:36.529+0000 INFO  [o.n.k.i.DiagnosticsManager]  [classpath + loader.0] file:/Users/graemerocher/.m2/repository/com/google/protobuf/protobuf-java/2.5.0/protobuf-java-2.5.0.jar
2015-11-19 13:15:36.529+0000 INFO  [o.n.k.i.DiagnosticsManager]  [classpath + loader.0] file:/Users/graemerocher/.gradle/caches/modules-2/files-2.1/org.apache.tomcat.embed/tomcat-embed-logging-juli/8.0.26/9d55e3b1751b1ddacf3b5108b4ec9fcaee380fba/tomcat-embed-logging-juli-8.0.26.jar
2015-11-19 13:15:36.529+0000 INFO  [o.n.k.i.DiagnosticsManager]  [classpath + loader.0] file:/Users/graemerocher/.gradle/caches/modules-2/files-2.1/org.spockframework/spock-spring/1.0-groovy-2.4/a07c753a95114872cd753ce3ae9166b64284b31d/spock-spring-1.0-groovy-2.4.jar
2015-11-19 13:15:36.529+0000 INFO  [o.n.k.i.DiagnosticsManager]  [classpath + loader.0] file:/Users/graemerocher/.gradle/caches/modules-2/files-2.1/org.springframework/spring-tx/4.1.7.RELEASE/3465a5d3b24006d51482cf45abd13e347f64582a/spring-tx-4.1.7.RELEASE.jar
2015-11-19 13:15:36.529+0000 INFO  [o.n.k.i.DiagnosticsManager]  [classpath + loader.0] file:/Users/graemerocher/.gradle/caches/modules-2/files-2.1/org.neo4j/neo4j-kernel/2.3.1/a2735381324a10d40ac8aa0391f1c26de80fd662/neo4j-kernel-2.3.1.jar
2015-11-19 13:15:36.529+0000 INFO  [o.n.k.i.DiagnosticsManager]  [classpath + loader.0] file:/Users/graemerocher/.gradle/caches/modules-2/files-2.1/org.apache.httpcomponents/httpmime/4.3.3/e02368d7b56c0c376f227378a4f77de62864d020/httpmime-4.3.3.jar
2015-11-19 13:15:36.529+0000 INFO  [o.n.k.i.DiagnosticsManager]  [classpath + loader.0] file:/Users/graemerocher/grails/data-functional-tests/neo4j/gsp-classes
2015-11-19 13:15:36.529+0000 INFO  [o.n.k.i.DiagnosticsManager]  [classpath + loader.0] file:/Users/graemerocher/.m2/repository/org/slf4j/slf4j-api/1.7.12/slf4j-api-1.7.12.jar
2015-11-19 13:15:36.529+0000 INFO  [o.n.k.i.DiagnosticsManager]  [classpath + loader.0] file:/Users/graemerocher/.gradle/caches/modules-2/files-2.1/org.apache.httpcomponents/httpclient/4.3.4/a9a1fef2faefed639ee0d0fba5b3b8e4eb2ff2d8/httpclient-4.3.4.jar
2015-11-19 13:15:36.529+0000 INFO  [o.n.k.i.DiagnosticsManager]  [classpath + loader.0] file:/Users/graemerocher/.gradle/caches/modules-2/files-2.1/io.projectreactor/reactor-stream/2.0.6.RELEASE/d41c8242ea2dcb0d2c661ad0ff9c25401501b861/reactor-stream-2.0.6.RELEASE.jar
2015-11-19 13:15:36.529+0000 INFO  [o.n.k.i.DiagnosticsManager]  [classpath + loader.0] file:/Users/graemerocher/.gradle/caches/modules-2/files-2.1/net.sourceforge.cssparser/cssparser/0.9.14/25f3d437b3cd4d4e6fab904d18967c64e4ab671d/cssparser-0.9.14.jar
2015-11-19 13:15:36.529+0000 INFO  [o.n.k.i.DiagnosticsManager]  [classpath + loader.0] file:/Users/graemerocher/.gradle/caches/modules-2/files-2.1/org.seleniumhq.selenium/selenium-support/2.43.1/3f70d8ba540246518727fdc22570bd05a61528f9/selenium-support-2.43.1.jar
2015-11-19 13:15:36.529+0000 INFO  [o.n.k.i.DiagnosticsManager]  [classpath + loader.0] file:/Users/graemerocher/.m2/repository/com/goldmansachs/gs-collections/5.1.0/gs-collections-5.1.0.jar
2015-11-19 13:15:36.529+0000 INFO  [o.n.k.i.DiagnosticsManager]  [classpath + loader.0] file:/Users/graemerocher/.m2/repository/ch/qos/logback/logback-core/1.1.3/logback-core-1.1.3.jar
2015-11-19 13:15:36.529+0000 INFO  [o.n.k.i.DiagnosticsManager]  [classpath + loader.0] file:/Users/graemerocher/.m2/repository/org/hamcrest/hamcrest-core/1.3/hamcrest-core-1.3.jar
2015-11-19 13:15:36.529+0000 INFO  [o.n.k.i.DiagnosticsManager]  [classpath + loader.0] file:/Users/graemerocher/.gradle/caches/modules-2/files-2.1/net.sourceforge.htmlunit/htmlunit-core-js/2.15/a16512d2d032155cfa84fa1dcce79fe0aaa8b56a/htmlunit-core-js-2.15.jar
2015-11-19 13:15:36.529+0000 INFO  [o.n.k.i.DiagnosticsManager]  [classpath + loader.0] file:/Users/graemerocher/.gradle/caches/modules-2/files-2.1/org.springframework/spring-context/4.1.7.RELEASE/8c6c02bcccfa23a74db59f7b7725e69e1af38f04/spring-context-4.1.7.RELEASE.jar
2015-11-19 13:15:36.529+0000 INFO  [o.n.k.i.DiagnosticsManager]  [classpath + loader.0] file:/Users/graemerocher/.gradle/caches/modules-2/files-2.1/org.grails/grails-plugin-converters/3.0.9/dda6f99c416e8b779d4d546429381dcf4ab2f14a/grails-plugin-converters-3.0.9.jar
2015-11-19 13:15:36.529+0000 INFO  [o.n.k.i.DiagnosticsManager]  [classpath + loader.0] file:/Users/graemerocher/.gradle/caches/modules-2/files-2.1/org.grails/grails-validation/3.0.9/2d4e48e14f62537f5643ecbb8c64f71cf38d1031/grails-validation-3.0.9.jar
2015-11-19 13:15:36.529+0000 INFO  [o.n.k.i.DiagnosticsManager]  [classpath + loader.0] file:/Users/graemerocher/.gradle/caches/modules-2/files-2.1/com.h2database/h2/1.3.176/fd369423346b2f1525c413e33f8cf95b09c92cbd/h2-1.3.176.jar
2015-11-19 13:15:36.529+0000 INFO  [o.n.k.i.DiagnosticsManager]  [classpath + loader.0] file:/Users/graemerocher/.m2/repository/org/slf4j/log4j-over-slf4j/1.7.12/log4j-over-slf4j-1.7.12.jar
2015-11-19 13:15:36.529+0000 INFO  [o.n.k.i.DiagnosticsManager]  [classpath + loader.0] file:/Users/graemerocher/.gradle/caches/modules-2/files-2.1/org.grails/grails-spring/3.0.9/c35836b622564d3847a99cfcd977afa93fbc9391/grails-spring-3.0.9.jar
2015-11-19 13:15:36.529+0000 INFO  [o.n.k.i.DiagnosticsManager]  [classpath + loader.0] file:/Users/graemerocher/.m2/repository/org/scala-lang/modules/scala-parser-combinators_2.11/1.0.4/scala-parser-combinators_2.11-1.0.4.jar
2015-11-19 13:15:36.529+0000 INFO  [o.n.k.i.DiagnosticsManager]  [classpath + loader.0] file:/Users/graemerocher/.gradle/caches/modules-2/files-2.1/org.springframework/spring-core/4.1.7.RELEASE/9f8e34eef228f44bda771c9dc62e9f1efa82c92d/spring-core-4.1.7.RELEASE.jar
2015-11-19 13:15:36.529+0000 INFO  [o.n.k.i.DiagnosticsManager]  [classpath + loader.0] file:/Users/graemerocher/.m2/repository/org/parboiled/parboiled-core/1.1.7/parboiled-core-1.1.7.jar
2015-11-19 13:15:36.529+0000 INFO  [o.n.k.i.DiagnosticsManager]  [classpath + loader.0] file:/Users/graemerocher/.gradle/caches/modules-2/files-2.1/org.gebish/geb-waiting/0.10.0/211e46040e9690e2e9d04add45e3f41dd917e423/geb-waiting-0.10.0.jar
2015-11-19 13:15:36.529+0000 INFO  [o.n.k.i.DiagnosticsManager]  [classpath + loader.0] file:/Users/graemerocher/grails/data-functional-tests/neo4j/build/classes/main/
2015-11-19 13:15:36.529+0000 INFO  [o.n.k.i.DiagnosticsManager]  [classpath + loader.0] file:/Users/graemerocher/.gradle/caches/modules-2/files-2.1/org.apache.httpcomponents/httpcore/4.3.2/31fbbff1ddbf98f3aa7377c94d33b0447c646b6e/httpcore-4.3.2.jar
2015-11-19 13:15:36.529+0000 INFO  [o.n.k.i.DiagnosticsManager]  [classpath + loader.0] file:/Users/graemerocher/.gradle/caches/modules-2/files-2.1/org.eclipse.jetty/jetty-http/8.1.15.v20140411/ab816e1b5eb0e055cfa4f3aef6876de210e2be7b/jetty-http-8.1.15.v20140411.jar
2015-11-19 13:15:36.529+0000 INFO  [o.n.k.i.DiagnosticsManager]  [classpath + loader.0] file:/Users/graemerocher/.gradle/caches/modules-2/files-2.1/io.projectreactor/reactor-bus/2.0.6.RELEASE/777a92012c60278a98311e2aa787dc8eeced758d/reactor-bus-2.0.6.RELEASE.jar
2015-11-19 13:15:36.529+0000 INFO  [o.n.k.i.DiagnosticsManager]  [classpath + loader.0] file:/Users/graemerocher/.gradle/caches/modules-2/files-2.1/org.codehaus.groovy/groovy/2.4.5/4c7cd3b294af0a32609402c9d12ccc4218890e12/groovy-2.4.5.jar
2015-11-19 13:15:36.529+0000 INFO  [o.n.k.i.DiagnosticsManager]  [classpath + loader.0] file:/Users/graemerocher/.gradle/caches/modules-2/files-2.1/org.grails/grails-plugin-async/3.0.9/fcc550590bd3d9663b454bc024d4ec419fc7f007/grails-plugin-async-3.0.9.jar
2015-11-19 13:15:36.529+0000 INFO  [o.n.k.i.DiagnosticsManager]  [classpath + loader.0] file:/Users/graemerocher/.m2/repository/com/google/javascript/closure-compiler-externs/v20141023/closure-compiler-externs-v20141023.jar
2015-11-19 13:15:36.529+0000 INFO  [o.n.k.i.DiagnosticsManager]  [classpath + loader.0] file:/Users/graemerocher/.gradle/caches/modules-2/files-2.1/org.springframework.boot/spring-boot-starter/1.2.6.RELEASE/95a83e8a81ce873505badb92a61751ac48824922/spring-boot-starter-1.2.6.RELEASE.jar
2015-11-19 13:15:36.529+0000 INFO  [o.n.k.i.DiagnosticsManager]  [classpath + loader.0] file:/Users/graemerocher/.gradle/caches/modules-2/files-2.1/org.hamcrest/hamcrest-library/1.3/4785a3c21320980282f9f33d0d1264a69040538f/hamcrest-library-1.3.jar
2015-11-19 13:15:36.529+0000 INFO  [o.n.k.i.DiagnosticsManager]  [classpath + loader.0] file:/Users/graemerocher/.m2/repository/com/google/code/findbugs/jsr305/1.3.9/jsr305-1.3.9.jar
2015-11-19 13:15:36.529+0000 INFO  [o.n.k.i.DiagnosticsManager]  [classpath + loader.0] file:/Users/graemerocher/.gradle/caches/modules-2/files-2.1/org.grails/grails-plugin-testing/3.0.9/db82dd248bfd24d10953fe4f82369771a141aa10/grails-plugin-testing-3.0.9.jar
2015-11-19 13:15:36.529+0000 INFO  [o.n.k.i.DiagnosticsManager]  [classpath + loader.0] file:/Users/graemerocher/.gradle/caches/modules-2/files-2.1/org.grails/grails-encoder/3.0.9/de48588465e8206d80c87acd7894f4c3300de95/grails-encoder-3.0.9.jar
2015-11-19 13:15:36.529+0000 INFO  [o.n.k.i.DiagnosticsManager]  [classpath + loader.0] file:/Users/graemerocher/.m2/repository/asm/asm/3.3.1/asm-3.3.1.jar
2015-11-19 13:15:36.529+0000 INFO  [o.n.k.i.DiagnosticsManager]  [classpath + loader.0] file:/Users/graemerocher/.gradle/caches/modules-2/files-2.1/com.fasterxml.jackson.core/jackson-annotations/2.4.0/d6a66c7a5f01cf500377bd669507a08cfeba882a/jackson-annotations-2.4.0.jar
2015-11-19 13:15:36.529+0000 INFO  [o.n.k.i.DiagnosticsManager]  [classpath + loader.0] file:/Users/graemerocher/.gradle/caches/modules-2/files-2.1/org.springframework/spring-context-support/4.1.7.RELEASE/db508937a1033bd3267e57566044df705076dc6/spring-context-support-4.1.7.RELEASE.jar
2015-11-19 13:15:36.529+0000 INFO  [o.n.k.i.DiagnosticsManager]  [classpath + loader.0] file:/Users/graemerocher/.m2/repository/org/scala-lang/scala-library/2.11.7/scala-library-2.11.7.jar
2015-11-19 13:15:36.529+0000 INFO  [o.n.k.i.DiagnosticsManager]  [bootstrap] /Library/Java/JavaVirtualMachines/jdk1.7.0_60.jdk/Contents/Home/jre/lib/resources.jar
2015-11-19 13:15:36.530+0000 INFO  [o.n.k.i.DiagnosticsManager]  [classpath + loader.0] file:/Users/graemerocher/.gradle/caches/modules-2/files-2.1/commons-codec/commons-codec/1.9/9ce04e34240f674bc72680f8b843b1457383161a/commons-codec-1.9.jar
2015-11-19 13:15:36.530+0000 INFO  [o.n.k.i.DiagnosticsManager]  [classpath + loader.0] file:/Users/graemerocher/.m2/repository/org/grails/grails-datastore-gorm-neo4j/5.0.0.BUILD-SNAPSHOT/grails-datastore-gorm-neo4j-5.0.0.BUILD-SNAPSHOT.jar
2015-11-19 13:15:36.530+0000 INFO  [o.n.k.i.DiagnosticsManager]  [loader.0] file:/Users/graemerocher/.gradle/caches/2.8/workerMain/gradle-worker.jar
2015-11-19 13:15:36.530+0000 INFO  [o.n.k.i.DiagnosticsManager]  [classpath + loader.0] file:/Users/graemerocher/.gradle/caches/modules-2/files-2.1/com.bertramlabs.plugins/asset-pipeline-core/2.5.0/984bc7cb66366f07a0ed8fe1bb21ca0c6bf8dacc/asset-pipeline-core-2.5.0.jar
2015-11-19 13:15:36.530+0000 INFO  [o.n.k.i.DiagnosticsManager]  [classpath + loader.0] file:/Users/graemerocher/.m2/repository/org/neo4j/neo4j-graph-algo/2.3.1/neo4j-graph-algo-2.3.1.jar
2015-11-19 13:15:36.530+0000 INFO  [o.n.k.i.DiagnosticsManager]  [classpath + loader.0] file:/Users/graemerocher/.m2/repository/net/java/dev/jna/platform/3.4.0/platform-3.4.0.jar
2015-11-19 13:15:36.530+0000 INFO  [o.n.k.i.DiagnosticsManager]  [classpath + loader.0] file:/Users/graemerocher/.gradle/caches/modules-2/files-2.1/org.apache.tomcat.embed/tomcat-embed-core/8.0.26/33a945c55939d39c5b3f5f5ce91e7d16bc6116e8/tomcat-embed-core-8.0.26.jar
2015-11-19 13:15:36.530+0000 INFO  [o.n.k.i.DiagnosticsManager]  [bootstrap] /Library/Java/JavaVirtualMachines/jdk1.7.0_60.jdk/Contents/Home/jre/lib/jfr.jar
2015-11-19 13:15:36.530+0000 INFO  [o.n.k.i.DiagnosticsManager]  [classpath + loader.0] file:/Users/graemerocher/.m2/repository/org/mozilla/rhino/1.7R4/rhino-1.7R4.jar
2015-11-19 13:15:36.530+0000 INFO  [o.n.k.i.DiagnosticsManager]  [classpath + loader.0] file:/Users/graemerocher/.gradle/caches/modules-2/files-2.1/org.springframework.boot/spring-boot-autoconfigure/1.2.6.RELEASE/bfabd0f400672b42fa5ace228341fa77a6a9ba4e/spring-boot-autoconfigure-1.2.6.RELEASE.jar
2015-11-19 13:15:36.530+0000 INFO  [o.n.k.i.DiagnosticsManager]  [classpath + loader.0] file:/Users/graemerocher/.gradle/caches/modules-2/files-2.1/org.codehaus.groovy/groovy-groovydoc/2.4.5/ab5ed761a967b9a42bca862f037816215de9287e/groovy-groovydoc-2.4.5.jar
2015-11-19 13:15:36.530+0000 INFO  [o.n.k.i.DiagnosticsManager]  [classpath + loader.0] file:/Users/graemerocher/.gradle/caches/modules-2/files-2.1/org.grails/grails-web-gsp-taglib/3.0.9/fc2ca2f8461aee3a90a1d37c29fa72154fca230/grails-web-gsp-taglib-3.0.9.jar
2015-11-19 13:15:36.530+0000 INFO  [o.n.k.i.DiagnosticsManager]  [classpath + loader.0] file:/Users/graemerocher/.m2/repository/org/javassist/javassist/3.17.1-GA/javassist-3.17.1-GA.jar
2015-11-19 13:15:36.530+0000 INFO  [o.n.k.i.DiagnosticsManager]  [classpath + loader.0] file:/Users/graemerocher/.gradle/caches/modules-2/files-2.1/io.projectreactor/reactor-core/2.0.6.RELEASE/a36e58c9d2d0ac1f47e17e8db60a7ebb9d09789c/reactor-core-2.0.6.RELEASE.jar
2015-11-19 13:15:36.530+0000 INFO  [o.n.k.i.DiagnosticsManager]  [classpath + loader.0] file:/Users/graemerocher/.m2/repository/org/scala-lang/scala-reflect/2.11.7/scala-reflect-2.11.7.jar
2015-11-19 13:15:36.530+0000 INFO  [o.n.k.i.DiagnosticsManager]  [classpath + loader.0] file:/Users/graemerocher/.gradle/caches/modules-2/files-2.1/org.grails/grails-web-url-mappings/3.0.9/93da24f625113f3395b0188b498ce6ad357560b3/grails-web-url-mappings-3.0.9.jar
2015-11-19 13:15:36.530+0000 INFO  [o.n.k.i.DiagnosticsManager]  [classpath + loader.0] file:/Users/graemerocher/.gradle/caches/modules-2/files-2.1/org.grails/grails-web-common/3.0.9/e827f35c12e72309956997baddbb360b8d4b38ba/grails-web-common-3.0.9.jar
2015-11-19 13:15:36.530+0000 INFO  [o.n.k.i.DiagnosticsManager] Library path:
2015-11-19 13:15:36.530+0000 INFO  [o.n.k.i.DiagnosticsManager] /Users/graemerocher/Library/Java/Extensions
2015-11-19 13:15:36.530+0000 INFO  [o.n.k.i.DiagnosticsManager] /Library/Java/Extensions
2015-11-19 13:15:36.530+0000 INFO  [o.n.k.i.DiagnosticsManager] /Network/Library/Java/Extensions
2015-11-19 13:15:36.530+0000 INFO  [o.n.k.i.DiagnosticsManager] /System/Library/Java/Extensions
2015-11-19 13:15:36.530+0000 INFO  [o.n.k.i.DiagnosticsManager] /usr/lib/java
2015-11-19 13:15:36.530+0000 INFO  [o.n.k.i.DiagnosticsManager] /Users/graemerocher/grails/data-functional-tests/neo4j
2015-11-19 13:15:36.530+0000 INFO  [o.n.k.i.DiagnosticsManager] System.properties:
2015-11-19 13:15:36.530+0000 INFO  [o.n.k.i.DiagnosticsManager] sun.boot.library.path = /Library/Java/JavaVirtualMachines/jdk1.7.0_60.jdk/Contents/Home/jre/lib
2015-11-19 13:15:36.530+0000 INFO  [o.n.k.i.DiagnosticsManager] gopherProxySet = false
2015-11-19 13:15:36.530+0000 INFO  [o.n.k.i.DiagnosticsManager] grails.env = test
2015-11-19 13:15:36.530+0000 INFO  [o.n.k.i.DiagnosticsManager] path.separator = :
2015-11-19 13:15:36.530+0000 INFO  [o.n.k.i.DiagnosticsManager] file.encoding.pkg = sun.io
2015-11-19 13:15:36.530+0000 INFO  [o.n.k.i.DiagnosticsManager] sun.java.launcher = SUN_STANDARD
2015-11-19 13:15:36.530+0000 INFO  [o.n.k.i.DiagnosticsManager] user.country = US
2015-11-19 13:15:36.530+0000 INFO  [o.n.k.i.DiagnosticsManager] sun.os.patch.level = unknown
2015-11-19 13:15:36.530+0000 INFO  [o.n.k.i.DiagnosticsManager] PID = 74688
2015-11-19 13:15:36.530+0000 INFO  [o.n.k.i.DiagnosticsManager] user.dir = /Users/graemerocher/grails/data-functional-tests/neo4j
2015-11-19 13:15:36.530+0000 INFO  [o.n.k.i.DiagnosticsManager] org.jboss.logging.provider = slf4j
2015-11-19 13:15:36.530+0000 INFO  [o.n.k.i.DiagnosticsManager] user.variant = 
2015-11-19 13:15:36.530+0000 INFO  [o.n.k.i.DiagnosticsManager] sun.jnu.encoding = UTF-8
2015-11-19 13:15:36.530+0000 INFO  [o.n.k.i.DiagnosticsManager] org.grails.MAIN_CLASS_NAME = functional.tests.Application
2015-11-19 13:15:36.530+0000 INFO  [o.n.k.i.DiagnosticsManager] info.app.name = neo4j
2015-11-19 13:15:36.530+0000 INFO  [o.n.k.i.DiagnosticsManager] sun.management.compiler = HotSpot 64-Bit Tiered Compilers
2015-11-19 13:15:36.530+0000 INFO  [o.n.k.i.DiagnosticsManager] user.home = /Users/graemerocher
2015-11-19 13:15:36.530+0000 INFO  [o.n.k.i.DiagnosticsManager] user.timezone = Europe/Madrid
2015-11-19 13:15:36.530+0000 INFO  [o.n.k.i.DiagnosticsManager] file.encoding = UTF-8
2015-11-19 13:15:36.530+0000 INFO  [o.n.k.i.DiagnosticsManager] user.name = graemerocher
2015-11-19 13:15:36.530+0000 INFO  [o.n.k.i.DiagnosticsManager] sun.java.command = jarjar.org.gradle.process.internal.launcher.GradleWorkerMain 'Gradle Test Executor 2'
2015-11-19 13:15:36.530+0000 INFO  [o.n.k.i.DiagnosticsManager] sun.arch.data.model = 64
2015-11-19 13:15:36.530+0000 INFO  [o.n.k.i.DiagnosticsManager] user.language = en
2015-11-19 13:15:36.530+0000 INFO  [o.n.k.i.DiagnosticsManager] awt.toolkit = sun.lwawt.macosx.LWCToolkit
2015-11-19 13:15:36.530+0000 INFO  [o.n.k.i.DiagnosticsManager] org.gradle.test.worker = 2
2015-11-19 13:15:36.530+0000 INFO  [o.n.k.i.DiagnosticsManager] file.separator = /
2015-11-19 13:15:36.530+0000 INFO  [o.n.k.i.DiagnosticsManager] grails.full.stacktrace = 
2015-11-19 13:15:36.530+0000 INFO  [o.n.k.i.DiagnosticsManager] sun.io.unicode.encoding = UnicodeBig
2015-11-19 13:15:36.530+0000 INFO  [o.n.k.i.DiagnosticsManager] sun.cpu.endian = little
2015-11-19 13:15:36.530+0000 INFO  [o.n.k.i.DiagnosticsManager] info.app.grailsVersion = 3.0.9
2015-11-19 13:15:36.530+0000 INFO  [o.n.k.i.DiagnosticsManager] info.app.version = unspecified
2015-11-19 13:15:36.530+0000 INFO  [o.n.k.i.DiagnosticsManager] sun.cpu.isalist = 
2015-11-19 13:15:36.530+0000 INFO  [o.n.k.i.DiagnosticsManager] Network information:
2015-11-19 13:15:36.531+0000 INFO  [o.n.k.i.DiagnosticsManager] Interface en0:
2015-11-19 13:15:36.531+0000 INFO  [o.n.k.i.DiagnosticsManager]     address: fe80:0:0:0:ca2a:14ff:fe3f:9726%4
2015-11-19 13:15:36.531+0000 INFO  [o.n.k.i.DiagnosticsManager]     address: 192.168.0.18
2015-11-19 13:15:36.531+0000 INFO  [o.n.k.i.DiagnosticsManager] Interface lo0:
2015-11-19 13:15:36.531+0000 INFO  [o.n.k.i.DiagnosticsManager]     address: fe80:0:0:0:0:0:0:1%1
2015-11-19 13:15:36.531+0000 INFO  [o.n.k.i.DiagnosticsManager]     address: 0:0:0:0:0:0:0:1
2015-11-19 13:15:36.531+0000 INFO  [o.n.k.i.DiagnosticsManager]     address: 127.0.0.1
2015-11-19 13:15:36.531+0000 INFO  [o.n.k.i.DiagnosticsManager] --- INITIALIZED diagnostics END ---
2015-11-19 13:15:36.778+0000 INFO  [o.n.k.a.i.i.LuceneLabelScanStore] No lucene scan store index found, this might just be first use. Preparing to rebuild.
2015-11-19 13:15:36.838+0000 INFO  [o.n.k.NeoStoreDataSource] Opened logical log [/Users/graemerocher/grails/data-functional-tests/neo4j/data/neo4j/neostore.transaction.db.0] version=0, lastTxId=1 (clean)
2015-11-19 13:15:36.846+0000 WARN  [o.n.k.i.s.MetaDataStore] Missing counts store, rebuilding it.
2015-11-19 13:15:36.931+0000 INFO  [o.n.k.a.i.i.LuceneLabelScanStore] Rebuilding lucene scan store, this may take a while
2015-11-19 13:15:36.932+0000 INFO  [o.n.k.a.i.i.LuceneLabelScanStore] Lucene scan store rebuilt (roughly -1 nodes)
2015-11-19 13:15:36.937+0000 INFO  [o.n.k.KernelHealth] Kernel health set to OK
2015-11-19 13:15:37.195+0000 INFO  [o.n.k.AvailabilityGuard] Fulfilling of requirement makes database available: Database available
2015-11-19 13:15:37.196+0000 INFO  [o.n.k.i.f.CommunityFacadeFactory] Database is now ready
2015-11-19 13:15:37.197+0000 INFO  [o.n.k.i.DiagnosticsManager] --- STARTED diagnostics for KernelDiagnostics:Versions START ---
2015-11-19 13:15:37.197+0000 INFO  [o.n.k.i.DiagnosticsManager] Graph Database: Community StoreId{creationTime=1447938936669, randomId=-614099344974064935, storeVersion=15250506225055238, upgradeTime=1447938936669, upgradeId=1}
2015-11-19 13:15:37.197+0000 INFO  [o.n.k.i.DiagnosticsManager] Kernel version: 2.3.1,dd67f90
2015-11-19 13:15:37.197+0000 INFO  [o.n.k.i.DiagnosticsManager] --- STARTED diagnostics for KernelDiagnostics:Versions END ---
2015-11-19 13:15:37.198+0000 INFO  [o.n.k.i.DiagnosticsManager] --- STARTED diagnostics for NEO_STORE_VERSIONS START ---
2015-11-19 13:15:37.198+0000 INFO  [o.n.k.i.DiagnosticsManager] Store versions:
2015-11-19 13:15:37.198+0000 INFO  [o.n.k.i.DiagnosticsManager] Store versions:
2015-11-19 13:15:37.198+0000 INFO  [o.n.k.i.DiagnosticsManager] ArrayPropertyStore v0.A.6
2015-11-19 13:15:37.198+0000 INFO  [o.n.k.i.DiagnosticsManager] NodeStore v0.A.6
2015-11-19 13:15:37.198+0000 INFO  [o.n.k.i.DiagnosticsManager] StringPropertyStore v0.A.6
2015-11-19 13:15:37.198+0000 INFO  [o.n.k.i.DiagnosticsManager] PropertyIndexStore v0.A.6
2015-11-19 13:15:37.198+0000 INFO  [o.n.k.i.DiagnosticsManager] StringPropertyStore v0.A.6
2015-11-19 13:15:37.199+0000 INFO  [o.n.k.i.DiagnosticsManager] ArrayPropertyStore v0.A.6
2015-11-19 13:15:37.199+0000 INFO  [o.n.k.i.DiagnosticsManager] PropertyStore v0.A.6
2015-11-19 13:15:37.199+0000 INFO  [o.n.k.i.DiagnosticsManager] RelationshipStore v0.A.6
2015-11-19 13:15:37.199+0000 INFO  [o.n.k.i.DiagnosticsManager] StringPropertyStore v0.A.6
2015-11-19 13:15:37.199+0000 INFO  [o.n.k.i.DiagnosticsManager] RelationshipTypeStore v0.A.6
2015-11-19 13:15:37.199+0000 INFO  [o.n.k.i.DiagnosticsManager] StringPropertyStore v0.A.6
2015-11-19 13:15:37.199+0000 INFO  [o.n.k.i.DiagnosticsManager] LabelTokenStore v0.A.6
2015-11-19 13:15:37.199+0000 INFO  [o.n.k.i.DiagnosticsManager] SchemaStore v0.A.6
2015-11-19 13:15:37.199+0000 INFO  [o.n.k.i.DiagnosticsManager] RelationshipGroupStore v0.A.6
2015-11-19 13:15:37.199+0000 INFO  [o.n.k.i.DiagnosticsManager] NeoStore v0.A.6
2015-11-19 13:15:37.199+0000 INFO  [o.n.k.i.DiagnosticsManager] --- STARTED diagnostics for NEO_STORE_VERSIONS END ---
2015-11-19 13:15:37.199+0000 INFO  [o.n.k.i.DiagnosticsManager] --- STARTED diagnostics for NEO_STORE_ID_USAGE START ---
2015-11-19 13:15:37.199+0000 INFO  [o.n.k.i.DiagnosticsManager] Id usage:
2015-11-19 13:15:37.199+0000 INFO  [o.n.k.i.DiagnosticsManager] Id usage:
2015-11-19 13:15:37.199+0000 INFO  [o.n.k.i.DiagnosticsManager]   ArrayPropertyStore v0.A.6: used=1 high=0
2015-11-19 13:15:37.199+0000 INFO  [o.n.k.i.DiagnosticsManager]   NodeStore v0.A.6: used=0 high=-1
2015-11-19 13:15:37.199+0000 INFO  [o.n.k.i.DiagnosticsManager]   StringPropertyStore v0.A.6: used=1 high=0
2015-11-19 13:15:37.199+0000 INFO  [o.n.k.i.DiagnosticsManager]   PropertyIndexStore v0.A.6: used=0 high=-1
2015-11-19 13:15:37.199+0000 INFO  [o.n.k.i.DiagnosticsManager]   StringPropertyStore v0.A.6: used=1 high=0
2015-11-19 13:15:37.199+0000 INFO  [o.n.k.i.DiagnosticsManager]   ArrayPropertyStore v0.A.6: used=1 high=0
2015-11-19 13:15:37.199+0000 INFO  [o.n.k.i.DiagnosticsManager]   PropertyStore v0.A.6: used=0 high=-1
2015-11-19 13:15:37.199+0000 INFO  [o.n.k.i.DiagnosticsManager]   RelationshipStore v0.A.6: used=0 high=-1
2015-11-19 13:15:37.199+0000 INFO  [o.n.k.i.DiagnosticsManager]   StringPropertyStore v0.A.6: used=1 high=0
2015-11-19 13:15:37.199+0000 INFO  [o.n.k.i.DiagnosticsManager]   RelationshipTypeStore v0.A.6: used=0 high=-1
2015-11-19 13:15:37.199+0000 INFO  [o.n.k.i.DiagnosticsManager]   StringPropertyStore v0.A.6: used=1 high=0
2015-11-19 13:15:37.199+0000 INFO  [o.n.k.i.DiagnosticsManager]   LabelTokenStore v0.A.6: used=0 high=-1
2015-11-19 13:15:37.200+0000 INFO  [o.n.k.i.DiagnosticsManager]   SchemaStore v0.A.6: used=1 high=0
2015-11-19 13:15:37.200+0000 INFO  [o.n.k.i.DiagnosticsManager]   RelationshipGroupStore v0.A.6: used=1 high=0
2015-11-19 13:15:37.200+0000 INFO  [o.n.k.i.DiagnosticsManager]   NeoStore v0.A.6: used=13 high=12
2015-11-19 13:15:37.200+0000 INFO  [o.n.k.i.DiagnosticsManager] --- STARTED diagnostics for NEO_STORE_ID_USAGE END ---
2015-11-19 13:15:37.200+0000 INFO  [o.n.k.i.DiagnosticsManager] --- STARTED diagnostics for NEO_STORE_RECORDS START ---
2015-11-19 13:15:37.200+0000 INFO  [o.n.k.i.DiagnosticsManager] Neostore records:
2015-11-19 13:15:37.200+0000 INFO  [o.n.k.i.DiagnosticsManager] TIME (Creation time): 1447938936669
2015-11-19 13:15:37.200+0000 INFO  [o.n.k.i.DiagnosticsManager] RANDOM_NUMBER (Random number for store id): -614099344974064935
2015-11-19 13:15:37.200+0000 INFO  [o.n.k.i.DiagnosticsManager] LOG_VERSION (Current log version): 0
2015-11-19 13:15:37.200+0000 INFO  [o.n.k.i.DiagnosticsManager] LAST_TRANSACTION_ID (Last committed transaction): 1
2015-11-19 13:15:37.200+0000 INFO  [o.n.k.i.DiagnosticsManager] STORE_VERSION (Store format version): 15250506225055238
2015-11-19 13:15:37.200+0000 INFO  [o.n.k.i.DiagnosticsManager] FIRST_GRAPH_PROPERTY (First property record containing graph properties): -1
2015-11-19 13:15:37.200+0000 INFO  [o.n.k.i.DiagnosticsManager] LAST_CONSTRAINT_TRANSACTION (Last committed transaction containing constraint changes): 0
2015-11-19 13:15:37.200+0000 INFO  [o.n.k.i.DiagnosticsManager] UPGRADE_TRANSACTION_ID (Transaction id most recent upgrade was performed at): 1
2015-11-19 13:15:37.200+0000 INFO  [o.n.k.i.DiagnosticsManager] UPGRADE_TIME (Time of last upgrade): 1447938936669
2015-11-19 13:15:37.200+0000 INFO  [o.n.k.i.DiagnosticsManager] LAST_TRANSACTION_CHECKSUM (Checksum of last committed transaction): 0
2015-11-19 13:15:37.200+0000 INFO  [o.n.k.i.DiagnosticsManager] UPGRADE_TRANSACTION_CHECKSUM (Checksum of transaction id the most recent upgrade was performed at): 0
2015-11-19 13:15:37.200+0000 INFO  [o.n.k.i.DiagnosticsManager] LAST_CLOSED_TRANSACTION_LOG_VERSION (Log version where the last transaction commit entry has been written into): 0
2015-11-19 13:15:37.200+0000 INFO  [o.n.k.i.DiagnosticsManager] LAST_CLOSED_TRANSACTION_LOG_BYTE_OFFSET (Byte offset in the log file where the last transaction commit entry has been written into): 16
2015-11-19 13:15:37.201+0000 INFO  [o.n.k.i.DiagnosticsManager] --- STARTED diagnostics for NEO_STORE_RECORDS END ---
2015-11-19 13:15:37.201+0000 INFO  [o.n.k.i.DiagnosticsManager] --- STARTED diagnostics for TRANSACTION_RANGE START ---
2015-11-19 13:15:37.201+0000 INFO  [o.n.k.i.DiagnosticsManager] Transaction log:
2015-11-19 13:15:37.201+0000 INFO  [o.n.k.i.DiagnosticsManager] No transactions found in any log
2015-11-19 13:15:37.201+0000 INFO  [o.n.k.i.DiagnosticsManager] --- STARTED diagnostics for TRANSACTION_RANGE END ---
2015-11-19 13:15:37.201+0000 INFO  [o.n.k.i.DiagnosticsManager] --- STARTED diagnostics for KernelDiagnostics:StoreFiles START ---
2015-11-19 13:15:37.201+0000 INFO  [o.n.k.i.DiagnosticsManager] Disk space on partition (Total / Free / Free %): 210941059072 / 14508003328 / 6
Storage files: (filename : modification date - size)
2015-11-19 13:15:37.202+0000 INFO  [o.n.k.i.DiagnosticsManager]   index:
2015-11-19 13:15:37.202+0000 INFO  [o.n.k.i.DiagnosticsManager]   - Total: 2015-11-19T14:15:36+0100 - 0.00 B
2015-11-19 13:15:37.202+0000 INFO  [o.n.k.i.DiagnosticsManager]   messages.log: 2015-11-19T14:15:37+0100 - 68.34 kB
2015-11-19 13:15:37.202+0000 INFO  [o.n.k.i.DiagnosticsManager]   neostore: 2015-11-19T14:15:36+0100 - 8.00 kB
2015-11-19 13:15:37.202+0000 INFO  [o.n.k.i.DiagnosticsManager]   neostore.counts.db.a: 2015-11-19T14:15:36+0100 - 96.00 B
2015-11-19 13:15:37.202+0000 INFO  [o.n.k.i.DiagnosticsManager]   neostore.id: 2015-11-19T14:15:36+0100 - 9.00 B
2015-11-19 13:15:37.202+0000 INFO  [o.n.k.i.DiagnosticsManager]   neostore.labeltokenstore.db: 2015-11-19T14:15:36+0100 - 0.00 B
2015-11-19 13:15:37.203+0000 INFO  [o.n.k.i.DiagnosticsManager]   neostore.labeltokenstore.db.id: 2015-11-19T14:15:36+0100 - 9.00 B
2015-11-19 13:15:37.203+0000 INFO  [o.n.k.i.DiagnosticsManager]   neostore.labeltokenstore.db.names: 2015-11-19T14:15:36+0100 - 8.00 kB
2015-11-19 13:15:37.203+0000 INFO  [o.n.k.i.DiagnosticsManager]   neostore.labeltokenstore.db.names.id: 2015-11-19T14:15:36+0100 - 9.00 B
2015-11-19 13:15:37.203+0000 INFO  [o.n.k.i.DiagnosticsManager]   neostore.nodestore.db: 2015-11-19T14:15:36+0100 - 0.00 B
2015-11-19 13:15:37.203+0000 INFO  [o.n.k.i.DiagnosticsManager]   neostore.nodestore.db.id: 2015-11-19T14:15:36+0100 - 9.00 B
2015-11-19 13:15:37.203+0000 INFO  [o.n.k.i.DiagnosticsManager]   neostore.nodestore.db.labels: 2015-11-19T14:15:36+0100 - 8.00 kB
2015-11-19 13:15:37.203+0000 INFO  [o.n.k.i.DiagnosticsManager]   neostore.nodestore.db.labels.id: 2015-11-19T14:15:36+0100 - 9.00 B
2015-11-19 13:15:37.203+0000 INFO  [o.n.k.i.DiagnosticsManager]   neostore.propertystore.db: 2015-11-19T14:15:36+0100 - 0.00 B
2015-11-19 13:15:37.203+0000 INFO  [o.n.k.i.DiagnosticsManager]   neostore.propertystore.db.arrays: 2015-11-19T14:15:36+0100 - 8.00 kB
2015-11-19 13:15:37.203+0000 INFO  [o.n.k.i.DiagnosticsManager]   neostore.propertystore.db.arrays.id: 2015-11-19T14:15:36+0100 - 9.00 B
2015-11-19 13:15:37.203+0000 INFO  [o.n.k.i.DiagnosticsManager]   neostore.propertystore.db.id: 2015-11-19T14:15:36+0100 - 9.00 B
2015-11-19 13:15:37.203+0000 INFO  [o.n.k.i.DiagnosticsManager]   neostore.propertystore.db.index: 2015-11-19T14:15:36+0100 - 0.00 B
2015-11-19 13:15:37.203+0000 INFO  [o.n.k.i.DiagnosticsManager]   neostore.propertystore.db.index.id: 2015-11-19T14:15:36+0100 - 9.00 B
2015-11-19 13:15:37.203+0000 INFO  [o.n.k.i.DiagnosticsManager]   neostore.propertystore.db.index.keys: 2015-11-19T14:15:36+0100 - 8.00 kB
2015-11-19 13:15:37.203+0000 INFO  [o.n.k.i.DiagnosticsManager]   neostore.propertystore.db.index.keys.id: 2015-11-19T14:15:36+0100 - 9.00 B
2015-11-19 13:15:37.204+0000 INFO  [o.n.k.i.DiagnosticsManager]   neostore.propertystore.db.strings: 2015-11-19T14:15:36+0100 - 8.00 kB
2015-11-19 13:15:37.204+0000 INFO  [o.n.k.i.DiagnosticsManager]   neostore.propertystore.db.strings.id: 2015-11-19T14:15:36+0100 - 9.00 B
2015-11-19 13:15:37.204+0000 INFO  [o.n.k.i.DiagnosticsManager]   neostore.relationshipgroupstore.db: 2015-11-19T14:15:36+0100 - 8.00 kB
2015-11-19 13:15:37.204+0000 INFO  [o.n.k.i.DiagnosticsManager]   neostore.relationshipgroupstore.db.id: 2015-11-19T14:15:36+0100 - 9.00 B
2015-11-19 13:15:37.204+0000 INFO  [o.n.k.i.DiagnosticsManager]   neostore.relationshipstore.db: 2015-11-19T14:15:36+0100 - 0.00 B
2015-11-19 13:15:37.204+0000 INFO  [o.n.k.i.DiagnosticsManager]   neostore.relationshipstore.db.id: 2015-11-19T14:15:36+0100 - 9.00 B
2015-11-19 13:15:37.204+0000 INFO  [o.n.k.i.DiagnosticsManager]   neostore.relationshiptypestore.db: 2015-11-19T14:15:36+0100 - 0.00 B
2015-11-19 13:15:37.204+0000 INFO  [o.n.k.i.DiagnosticsManager]   neostore.relationshiptypestore.db.id: 2015-11-19T14:15:36+0100 - 9.00 B
2015-11-19 13:15:37.204+0000 INFO  [o.n.k.i.DiagnosticsManager]   neostore.relationshiptypestore.db.names: 2015-11-19T14:15:36+0100 - 8.00 kB
2015-11-19 13:15:37.204+0000 INFO  [o.n.k.i.DiagnosticsManager]   neostore.relationshiptypestore.db.names.id: 2015-11-19T14:15:36+0100 - 9.00 B
2015-11-19 13:15:37.204+0000 INFO  [o.n.k.i.DiagnosticsManager]   neostore.schemastore.db: 2015-11-19T14:15:36+0100 - 8.00 kB
2015-11-19 13:15:37.204+0000 INFO  [o.n.k.i.DiagnosticsManager]   neostore.schemastore.db.id: 2015-11-19T14:15:36+0100 - 9.00 B
2015-11-19 13:15:37.204+0000 INFO  [o.n.k.i.DiagnosticsManager]   neostore.transaction.db.0: 2015-11-19T14:15:36+0100 - 16.00 B
2015-11-19 13:15:37.205+0000 INFO  [o.n.k.i.DiagnosticsManager]   schema:
2015-11-19 13:15:37.205+0000 INFO  [o.n.k.i.DiagnosticsManager]     label:
2015-11-19 13:15:37.205+0000 INFO  [o.n.k.i.DiagnosticsManager]       lucene:
2015-11-19 13:15:37.205+0000 INFO  [o.n.k.i.DiagnosticsManager]         write.lock: 2015-11-19T14:15:36+0100 - 0.00 B
2015-11-19 13:15:37.205+0000 INFO  [o.n.k.i.DiagnosticsManager]       - Total: 2015-11-19T14:15:36+0100 - 0.00 B
2015-11-19 13:15:37.205+0000 INFO  [o.n.k.i.DiagnosticsManager]     - Total: 2015-11-19T14:15:36+0100 - 0.00 B
2015-11-19 13:15:37.205+0000 INFO  [o.n.k.i.DiagnosticsManager]   - Total: 2015-11-19T14:15:36+0100 - 0.00 B
2015-11-19 13:15:37.206+0000 INFO  [o.n.k.i.DiagnosticsManager]   store_lock: 2015-11-19T14:15:36+0100 - 0.00 B
2015-11-19 13:15:37.206+0000 INFO  [o.n.k.i.DiagnosticsManager] --- STARTED diagnostics for KernelDiagnostics:StoreFiles END ---
2015-11-19 13:15:38.250+0000 INFO  [o.n.k.i.a.i.IndexPopulationJob] Index population started: [:Book(__id__) [provider: {key=lucene, version=1.0}]]
2015-11-19 13:15:38.263+0000 INFO  [o.n.k.i.a.KernelSchemaStateStore] Schema state store has been cleared.
2015-11-19 13:15:38.271+0000 INFO  [o.n.k.i.a.i.IndexPopulationJob] Index population completed. Index is now online: [:Book(__id__) [provider: {key=lucene, version=1.0}]]
2015-11-19 13:15:38.287+0000 INFO  [o.n.k.i.a.KernelSchemaStateStore] Schema state store has been cleared.
